Using pre-set license
Built from '2020.3/staging' branch; Version is '2020.3.14f1 (d0d1bb862f9d) revision 13685179'; Using compiler version '192528614'; Build Type 'Release'
OS: 'Windows 10 Home; OS build 22000.675; Version 2009; 64bit' Language: 'en' Physical Memory: 16222 MB
BatchMode: 1, IsHumanControllingUs: 0, StartBugReporterOnCrash: 0, Is64bit: 1, IsPro: 0

 COMMAND LINE ARGUMENTS:
C:\Program Files\Unity\Hub\Editor\2020.3.14f1\Editor\Unity.exe
-adb2
-batchMode
-noUpm
-name
AssetImportWorker0
-projectPath
C:/Users/justi/Documents/GitHub/CritterCollector/CritterCollector
-logFile
Logs/AssetImportWorker0.log
-srvPort
54287
Successfully changed project path to: C:/Users/justi/Documents/GitHub/CritterCollector/CritterCollector
C:/Users/justi/Documents/GitHub/CritterCollector/CritterCollector
Using Asset Import Pipeline V2.
Refreshing native plugins compatible for Editor in 33.33 ms, found 3 plugins.
Preloading 0 native plugins for Editor in 0.00 ms.
Initialize engine version: 2020.3.14f1 (d0d1bb862f9d)
[Subsystems] Discovering subsystems at path C:/Program Files/Unity/Hub/Editor/2020.3.14f1/Editor/Data/Resources/UnitySubsystems
[Subsystems] Discovering subsystems at path C:/Users/justi/Documents/GitHub/CritterCollector/CritterCollector/Assets
GfxDevice: creating device client; threaded=0
Direct3D:
    Version:  Direct3D 11.0 [level 11.1]
    Renderer: NVIDIA GeForce RTX 2060 (ID=0x1f15)
    Vendor:   
    VRAM:     5980 MB
    Driver:   30.0.15.1179
Initialize mono
Mono path[0] = 'C:/Program Files/Unity/Hub/Editor/2020.3.14f1/Editor/Data/Managed'
Mono path[1] = 'C:/Program Files/Unity/Hub/Editor/2020.3.14f1/Editor/Data/MonoBleedingEdge/lib/mono/unityjit'
Mono config path = 'C:/Program Files/Unity/Hub/Editor/2020.3.14f1/Editor/Data/MonoBleedingEdge/etc'
Using monoOptions --debugger-agent=transport=dt_socket,embedding=1,server=y,suspend=n,address=127.0.0.1:56440
Begin MonoManager ReloadAssembly
Registering precompiled unity dll's ...
Register platform support module: C:/Program Files/Unity/Hub/Editor/2020.3.14f1/Editor/Data/PlaybackEngines/WebGLSupport/UnityEditor.WebGL.Extensions.dll
Register platform support module: C:/Program Files/Unity/Hub/Editor/2020.3.14f1/Editor/Data/PlaybackEngines/WindowsStandaloneSupport/UnityEditor.WindowsStandalone.Extensions.dll
Registered in 0.001501 seconds.
Native extension for WindowsStandalone target not found
Native extension for WebGL target not found
Refreshing native plugins compatible for Editor in 37.15 ms, found 3 plugins.
Preloading 0 native plugins for Editor in 0.00 ms.
Mono: successfully reloaded assembly
- Completed reload, in  0.935 seconds
Domain Reload Profiling:
	ReloadAssembly (936ms)
		BeginReloadAssembly (44ms)
			ExecutionOrderSort (0ms)
			DisableScriptedObjects (0ms)
			BackupInstance (0ms)
			ReleaseScriptingObjects (0ms)
			CreateAndSetChildDomain (1ms)
		EndReloadAssembly (377ms)
			LoadAssemblies (42ms)
			RebuildTransferFunctionScriptingTraits (0ms)
			SetupTypeCache (125ms)
			ReleaseScriptCaches (0ms)
			RebuildScriptCaches (25ms)
			SetupLoadedEditorAssemblies (160ms)
				LogAssemblyErrors (0ms)
				InitializePlatformSupportModulesInManaged (4ms)
				SetLoadedEditorAssemblies (0ms)
				RefreshPlugins (37ms)
				BeforeProcessingInitializeOnLoad (13ms)
				ProcessInitializeOnLoadAttributes (77ms)
				ProcessInitializeOnLoadMethodAttributes (28ms)
				AfterProcessingInitializeOnLoad (0ms)
				EditorAssembliesLoaded (0ms)
			ExecutionOrderSort2 (0ms)
			AwakeInstancesAfterBackupRestoration (0ms)
Platform modules already initialized, skipping
Registering precompiled user dll's ...
Registered in 0.003481 seconds.
Begin MonoManager ReloadAssembly
Native extension for WindowsStandalone target not found
Native extension for WebGL target not found
Refreshing native plugins compatible for Editor in 31.82 ms, found 3 plugins.
Preloading 0 native plugins for Editor in 0.00 ms.
Mono: successfully reloaded assembly
- Completed reload, in  0.969 seconds
Domain Reload Profiling:
	ReloadAssembly (970ms)
		BeginReloadAssembly (133ms)
			ExecutionOrderSort (0ms)
			DisableScriptedObjects (4ms)
			BackupInstance (0ms)
			ReleaseScriptingObjects (0ms)
			CreateAndSetChildDomain (17ms)
		EndReloadAssembly (781ms)
			LoadAssemblies (79ms)
			RebuildTransferFunctionScriptingTraits (0ms)
			SetupTypeCache (253ms)
			ReleaseScriptCaches (0ms)
			RebuildScriptCaches (39ms)
			SetupLoadedEditorAssemblies (306ms)
				LogAssemblyErrors (0ms)
				InitializePlatformSupportModulesInManaged (5ms)
				SetLoadedEditorAssemblies (0ms)
				RefreshPlugins (32ms)
				BeforeProcessingInitializeOnLoad (81ms)
				ProcessInitializeOnLoadAttributes (172ms)
				ProcessInitializeOnLoadMethodAttributes (11ms)
				AfterProcessingInitializeOnLoad (6ms)
				EditorAssembliesLoaded (0ms)
			ExecutionOrderSort2 (0ms)
			AwakeInstancesAfterBackupRestoration (5ms)
Platform modules already initialized, skipping
========================================================================
Worker process is ready to serve import requests
Launched and connected shader compiler UnityShaderCompiler.exe after 0.04 seconds
Refreshing native plugins compatible for Editor in 0.42 ms, found 3 plugins.
Preloading 0 native plugins for Editor in 0.00 ms.
Unloading 2085 Unused Serialized files (Serialized files now loaded: 0)
System memory in use before: 92.9 MB.
System memory in use after: 92.9 MB.

Unloading 33 unused Assets to reduce memory usage. Loaded Objects now: 2518.
Total: 2.603500 ms (FindLiveObjects: 0.175000 ms CreateObjectMapping: 0.069900 ms MarkObjects: 2.247900 ms  DeleteObjects: 0.110000 ms)

AssetImportParameters requested are different than current active one (requested -> active):
  custom:framework-win-MediaFoundation: 216162199b28c13a410421893ffa2e32 -> 
  custom:video-decoder-ogg-theora: a1e56fd34408186e4bbccfd4996cb3dc -> 
  custom:container-muxer-webm: aa71ff27fc2769a1b78a27578f13a17b -> 
  custom:container-demuxer-webm: 4f35f7cbe854078d1ac9338744f61a02 -> 
  custom:container-demuxer-ogg: 62fdf1f143b41e24485cea50d1cbac27 -> 
  custom:video-encoder-webm-vp8: eb34c28f22e8b96e1ab97ce403110664 -> 
  custom:video-codec-MediaFoundation-h265: 746d11721c4dcdbdad8f713fa42b33f4 -> 
  custom:video-decoder-webm-vp8: 9c59270c3fd7afecdb556c50c9e8de78 -> 
  custom:audio-decoder-ogg-vorbis: bf7c407c2cedff20999df2af8eb42d56 -> 
  custom:audio-encoder-webm-vorbis: bf7c407c2cedff20999df2af8eb42d56 -> 
========================================================================
Received Import Request.
  path: Assets/Artwork/TileMapImages
  artifactKey: Guid(8ea196d5a88eb0e41a50e3b25e6ec7eb) Importer(815301076,1909f56bfc062723c751e8b465ee728b)
Start importing Assets/Artwork/TileMapImages using Guid(8ea196d5a88eb0e41a50e3b25e6ec7eb) Importer(815301076,1909f56bfc062723c751e8b465ee728b)  -> (artifact id: '613d9edc91946ee9642e1fb241243537') in 0.003727 seconds 
  Import took 0.006172 seconds .

========================================================================
Received Import Request.
  Time since last request: 72.236226 seconds.
  path: Assets/Artwork/TileMapImages/pixil-frame-0.png
  artifactKey: Guid(00e25475468fa43458aecafac60a4d45) Importer(815301076,1909f56bfc062723c751e8b465ee728b)
Start importing Assets/Artwork/TileMapImages/pixil-frame-0.png using Guid(00e25475468fa43458aecafac60a4d45) Importer(815301076,1909f56bfc062723c751e8b465ee728b)  -> (artifact id: '879c583d1cf514271056b3d4e2604ee3') in 0.102382 seconds 
  Import took 0.105334 seconds .

========================================================================
Received Import Request.
  Time since last request: 19.584139 seconds.
  path: Assets/Artwork/TileMapImages/Planty Grassy Grass Tile.png
  artifactKey: Guid(00e25475468fa43458aecafac60a4d45) Importer(815301076,1909f56bfc062723c751e8b465ee728b)
Start importing Assets/Artwork/TileMapImages/Planty Grassy Grass Tile.png using Guid(00e25475468fa43458aecafac60a4d45) Importer(815301076,1909f56bfc062723c751e8b465ee728b)  -> (artifact id: 'a523c16c68cdb7d26d5853faf517c233') in 0.012132 seconds 
  Import took 0.015090 seconds .

========================================================================
Received Import Request.
  Time since last request: 104.890817 seconds.
  path: Assets/Artwork/TileMapImages/pixil-frame-0 (1).png
  artifactKey: Guid(b1bfa2518aeeb8f49b8d3232f9390b5a) Importer(815301076,1909f56bfc062723c751e8b465ee728b)
Start importing Assets/Artwork/TileMapImages/pixil-frame-0 (1).png using Guid(b1bfa2518aeeb8f49b8d3232f9390b5a) Importer(815301076,1909f56bfc062723c751e8b465ee728b)  -> (artifact id: '1a6806074e7fc0686dc1b2962e60f4d0') in 0.007867 seconds 
  Import took 0.011450 seconds .

========================================================================
Received Import Request.
  Time since last request: 0.000450 seconds.
  path: Assets/Artwork/TileMapImages/pixil-frame-0 (1).png
  artifactKey: Guid(b1bfa2518aeeb8f49b8d3232f9390b5a) Importer(815301076,1909f56bfc062723c751e8b465ee728b)
Start importing Assets/Artwork/TileMapImages/pixil-frame-0 (1).png using Guid(b1bfa2518aeeb8f49b8d3232f9390b5a) Importer(815301076,1909f56bfc062723c751e8b465ee728b)  -> (artifact id: '1a6806074e7fc0686dc1b2962e60f4d0') in 0.006860 seconds 
  Import took 0.009889 seconds .

========================================================================
Received Import Request.
  Time since last request: 2.588071 seconds.
  path: Assets/Artwork/TileMapImages/sr23a5a8c485c5a.png
  artifactKey: Guid(ca806d661de477f49b2ca6cc5ce31a3e) Importer(815301076,1909f56bfc062723c751e8b465ee728b)
Start importing Assets/Artwork/TileMapImages/sr23a5a8c485c5a.png using Guid(ca806d661de477f49b2ca6cc5ce31a3e) Importer(815301076,1909f56bfc062723c751e8b465ee728b)  -> (artifact id: '243a522ec45857128297bb7cbd925327') in 0.014706 seconds 
  Import took 0.017773 seconds .

========================================================================
Received Import Request.
  Time since last request: 64.244299 seconds.
  path: Assets/Artwork/TileMapImages/sr20f3be1e69811.png
  artifactKey: Guid(95b6c62c2e5324a49b9fbbc4eafb1a3f) Importer(815301076,1909f56bfc062723c751e8b465ee728b)
Start importing Assets/Artwork/TileMapImages/sr20f3be1e69811.png using Guid(95b6c62c2e5324a49b9fbbc4eafb1a3f) Importer(815301076,1909f56bfc062723c751e8b465ee728b)  -> (artifact id: '6b4768e0743047c696aa807e0f88927c') in 0.014340 seconds 
  Import took 0.017973 seconds .

========================================================================
Received Import Request.
  Time since last request: 0.000491 seconds.
  path: Assets/Artwork/TileMapImages/sr20f3be1e69811.png
  artifactKey: Guid(95b6c62c2e5324a49b9fbbc4eafb1a3f) Importer(815301076,1909f56bfc062723c751e8b465ee728b)
Start importing Assets/Artwork/TileMapImages/sr20f3be1e69811.png using Guid(95b6c62c2e5324a49b9fbbc4eafb1a3f) Importer(815301076,1909f56bfc062723c751e8b465ee728b)  -> (artifact id: '6b4768e0743047c696aa807e0f88927c') in 0.015256 seconds 
  Import took 0.018477 seconds .

========================================================================
Received Import Request.
  Time since last request: 140.184490 seconds.
  path: Assets/Artwork/TileMapImages/sr227737d908f0b.png
  artifactKey: Guid(9689e4786639c5941b35b20c62ca977f) Importer(815301076,1909f56bfc062723c751e8b465ee728b)
Start importing Assets/Artwork/TileMapImages/sr227737d908f0b.png using Guid(9689e4786639c5941b35b20c62ca977f) Importer(815301076,1909f56bfc062723c751e8b465ee728b)  -> (artifact id: '9864cdb406f42389447dda65bbfa8662') in 0.012428 seconds 
  Import took 0.015825 seconds .

========================================================================
Received Import Request.
  Time since last request: 0.000955 seconds.
  path: Assets/Artwork/TileMapImages/sr227737d908f0b.png
  artifactKey: Guid(9689e4786639c5941b35b20c62ca977f) Importer(815301076,1909f56bfc062723c751e8b465ee728b)
Start importing Assets/Artwork/TileMapImages/sr227737d908f0b.png using Guid(9689e4786639c5941b35b20c62ca977f) Importer(815301076,1909f56bfc062723c751e8b465ee728b)  -> (artifact id: '9864cdb406f42389447dda65bbfa8662') in 0.011579 seconds 
  Import took 0.014714 seconds .

========================================================================
Received Import Request.
  Time since last request: 22.202992 seconds.
  path: Assets/Artwork/TileMapImages/sr23d53d4e23a77.png
  artifactKey: Guid(c08094d53ce22e04eb9cc6537669ea68) Importer(815301076,1909f56bfc062723c751e8b465ee728b)
Start importing Assets/Artwork/TileMapImages/sr23d53d4e23a77.png using Guid(c08094d53ce22e04eb9cc6537669ea68) Importer(815301076,1909f56bfc062723c751e8b465ee728b)  -> (artifact id: '8412e9883fe19f3bf6e11142604520c9') in 0.011879 seconds 
  Import took 0.015063 seconds .

========================================================================
Received Import Request.
  Time since last request: 0.001898 seconds.
  path: Assets/Artwork/TileMapImages/sr23d53d4e23a77.png
  artifactKey: Guid(c08094d53ce22e04eb9cc6537669ea68) Importer(815301076,1909f56bfc062723c751e8b465ee728b)
Start importing Assets/Artwork/TileMapImages/sr23d53d4e23a77.png using Guid(c08094d53ce22e04eb9cc6537669ea68) Importer(815301076,1909f56bfc062723c751e8b465ee728b)  -> (artifact id: '8412e9883fe19f3bf6e11142604520c9') in 0.009460 seconds 
  Import took 0.012731 seconds .

========================================================================
Received Import Request.
  Time since last request: 8.228494 seconds.
  path: Assets/Artwork/TileMapImages/sr2cef82fad94b6.png
  artifactKey: Guid(0d897e90b1946ed4b858de7a3848c3ff) Importer(815301076,1909f56bfc062723c751e8b465ee728b)
Start importing Assets/Artwork/TileMapImages/sr2cef82fad94b6.png using Guid(0d897e90b1946ed4b858de7a3848c3ff) Importer(815301076,1909f56bfc062723c751e8b465ee728b)  -> (artifact id: '6e001503b2e9a7a084ca36559e084464') in 0.012272 seconds 
  Import took 0.015367 seconds .

========================================================================
Received Import Request.
  Time since last request: 4.378700 seconds.
  path: Assets/Artwork/TileMapImages/sr21552abcd6db6.png
  artifactKey: Guid(0ce635788a4124a4abeb0ebc2b55a652) Importer(815301076,1909f56bfc062723c751e8b465ee728b)
Start importing Assets/Artwork/TileMapImages/sr21552abcd6db6.png using Guid(0ce635788a4124a4abeb0ebc2b55a652) Importer(815301076,1909f56bfc062723c751e8b465ee728b)  -> (artifact id: 'f679afa0ce1b5f16187129fa6ea33573') in 0.014652 seconds 
  Import took 0.017801 seconds .

========================================================================
Received Import Request.
  Time since last request: 3.272433 seconds.
  path: Assets/Artwork/TileMapImages/sr2991c49ddec3d.png
  artifactKey: Guid(0a4e483d0574c5d41bced9e560d1b2a1) Importer(815301076,1909f56bfc062723c751e8b465ee728b)
Start importing Assets/Artwork/TileMapImages/sr2991c49ddec3d.png using Guid(0a4e483d0574c5d41bced9e560d1b2a1) Importer(815301076,1909f56bfc062723c751e8b465ee728b)  -> (artifact id: '97db49d2f46cff3f194ff25af9f09578') in 0.008667 seconds 
  Import took 0.012350 seconds .

========================================================================
Received Import Request.
  Time since last request: 3.879332 seconds.
  path: Assets/Artwork/TileMapImages/sr2f7cca737ee34.png
  artifactKey: Guid(0a635f11127604c49a2af45d1f88e59c) Importer(815301076,1909f56bfc062723c751e8b465ee728b)
Start importing Assets/Artwork/TileMapImages/sr2f7cca737ee34.png using Guid(0a635f11127604c49a2af45d1f88e59c) Importer(815301076,1909f56bfc062723c751e8b465ee728b)  -> (artifact id: 'ed6214c07b5a3bead281e2dd9bf13c28') in 0.011331 seconds 
  Import took 0.014785 seconds .

========================================================================
Received Import Request.
  Time since last request: 94.205268 seconds.
  path: Assets/Artwork/TileMapImages/Grass TIle.png
  artifactKey: Guid(b1bfa2518aeeb8f49b8d3232f9390b5a) Importer(815301076,1909f56bfc062723c751e8b465ee728b)
Start importing Assets/Artwork/TileMapImages/Grass TIle.png using Guid(b1bfa2518aeeb8f49b8d3232f9390b5a) Importer(815301076,1909f56bfc062723c751e8b465ee728b)  -> (artifact id: 'f07a8981e9ae6fb78375683f3a18715d') in 0.012744 seconds 
  Import took 0.015665 seconds .

========================================================================
Received Import Request.
  Time since last request: 25.166447 seconds.
  path: Assets/Artwork/TileMapImages/White Flower Grassy TIle.png
  artifactKey: Guid(0d897e90b1946ed4b858de7a3848c3ff) Importer(815301076,1909f56bfc062723c751e8b465ee728b)
Start importing Assets/Artwork/TileMapImages/White Flower Grassy TIle.png using Guid(0d897e90b1946ed4b858de7a3848c3ff) Importer(815301076,1909f56bfc062723c751e8b465ee728b)  -> (artifact id: '0d30769d6884c0ece0e3f74443bc5a31') in 0.012913 seconds 
  Import took 0.015871 seconds .

========================================================================
Received Import Request.
  Time since last request: 12.961994 seconds.
  path: Assets/Artwork/TileMapImages/Daisy Grass TIle.png
  artifactKey: Guid(9689e4786639c5941b35b20c62ca977f) Importer(815301076,1909f56bfc062723c751e8b465ee728b)
Start importing Assets/Artwork/TileMapImages/Daisy Grass TIle.png using Guid(9689e4786639c5941b35b20c62ca977f) Importer(815301076,1909f56bfc062723c751e8b465ee728b)  -> (artifact id: 'c561c48378e19127f9aa5d82a80e7ddc') in 0.012710 seconds 
  Import took 0.015677 seconds .

========================================================================
Received Import Request.
  Time since last request: 17.879281 seconds.
  path: Assets/Artwork/TileMapImages/Hoizontal Path Tile.png
  artifactKey: Guid(0a635f11127604c49a2af45d1f88e59c) Importer(815301076,1909f56bfc062723c751e8b465ee728b)
Start importing Assets/Artwork/TileMapImages/Hoizontal Path Tile.png using Guid(0a635f11127604c49a2af45d1f88e59c) Importer(815301076,1909f56bfc062723c751e8b465ee728b)  -> (artifact id: 'c28e4062194b6fb1d2964cf6ab0f1276') in 0.012336 seconds 
  Import took 0.015309 seconds .

========================================================================
Received Import Request.
  Time since last request: 10.026350 seconds.
  path: Assets/Artwork/TileMapImages/Grassy Grass Tile.png
  artifactKey: Guid(95b6c62c2e5324a49b9fbbc4eafb1a3f) Importer(815301076,1909f56bfc062723c751e8b465ee728b)
Start importing Assets/Artwork/TileMapImages/Grassy Grass Tile.png using Guid(95b6c62c2e5324a49b9fbbc4eafb1a3f) Importer(815301076,1909f56bfc062723c751e8b465ee728b)  -> (artifact id: '814f1d6d754016da51b14571d253625d') in 0.014219 seconds 
  Import took 0.017108 seconds .

========================================================================
Received Import Request.
  Time since last request: 15.515558 seconds.
  path: Assets/Artwork/TileMapImages/Daisy Grassy Tile.png
  artifactKey: Guid(ca806d661de477f49b2ca6cc5ce31a3e) Importer(815301076,1909f56bfc062723c751e8b465ee728b)
Start importing Assets/Artwork/TileMapImages/Daisy Grassy Tile.png using Guid(ca806d661de477f49b2ca6cc5ce31a3e) Importer(815301076,1909f56bfc062723c751e8b465ee728b)  -> (artifact id: '375bfdfd854b1b910ae17085a76ddaa4') in 0.024077 seconds 
  Import took 0.027124 seconds .

========================================================================
Received Import Request.
  Time since last request: 10.524476 seconds.
  path: Assets/Artwork/TileMapImages/White Flower Tile.png
  artifactKey: Guid(c08094d53ce22e04eb9cc6537669ea68) Importer(815301076,1909f56bfc062723c751e8b465ee728b)
Start importing Assets/Artwork/TileMapImages/White Flower Tile.png using Guid(c08094d53ce22e04eb9cc6537669ea68) Importer(815301076,1909f56bfc062723c751e8b465ee728b)  -> (artifact id: '48f93c4fa8a245bdf0741ec91ef640c7') in 0.012220 seconds 
  Import took 0.015094 seconds .

========================================================================
Received Import Request.
  Time since last request: 58.757527 seconds.
  path: Assets/Artwork/TileMapImages/Entrance Path Tile.png
  artifactKey: Guid(0ce635788a4124a4abeb0ebc2b55a652) Importer(815301076,1909f56bfc062723c751e8b465ee728b)
Start importing Assets/Artwork/TileMapImages/Entrance Path Tile.png using Guid(0ce635788a4124a4abeb0ebc2b55a652) Importer(815301076,1909f56bfc062723c751e8b465ee728b)  -> (artifact id: '1dbada38f55a4a38ecca1a7283dbe19f') in 0.011965 seconds 
  Import took 0.015077 seconds .

========================================================================
Received Import Request.
  Time since last request: 29.738455 seconds.
  path: Assets/Artwork/TileMapImages/Vertical Path Tile.png
  artifactKey: Guid(0a4e483d0574c5d41bced9e560d1b2a1) Importer(815301076,1909f56bfc062723c751e8b465ee728b)
Start importing Assets/Artwork/TileMapImages/Vertical Path Tile.png using Guid(0a4e483d0574c5d41bced9e560d1b2a1) Importer(815301076,1909f56bfc062723c751e8b465ee728b)  -> (artifact id: '377b9d7d57cf11c998416d900e608b59') in 0.012294 seconds 
  Import took 0.015790 seconds .

========================================================================
Received Import Request.
  Time since last request: 55.021996 seconds.
  path: Assets/Artwork/TileMapImages/sr2e3b5c35203ac.png
  artifactKey: Guid(35d0af65c001deb4b809512241381b09) Importer(815301076,1909f56bfc062723c751e8b465ee728b)
Start importing Assets/Artwork/TileMapImages/sr2e3b5c35203ac.png using Guid(35d0af65c001deb4b809512241381b09) Importer(815301076,1909f56bfc062723c751e8b465ee728b)  -> (artifact id: '6b94f1beb55f96bed05aa7dbfc8c4f6b') in 0.008465 seconds 
  Import took 0.012567 seconds .

========================================================================
Received Import Request.
  Time since last request: 1.960569 seconds.
  path: Assets/Artwork/TileMapImages/sr2fdf76d99d793.png
  artifactKey: Guid(bb5af96b43f57434386734d2ecad854b) Importer(815301076,1909f56bfc062723c751e8b465ee728b)
Start importing Assets/Artwork/TileMapImages/sr2fdf76d99d793.png using Guid(bb5af96b43f57434386734d2ecad854b) Importer(815301076,1909f56bfc062723c751e8b465ee728b)  -> (artifact id: '6790f4185e31d97ce3ec202464ef13af') in 0.011853 seconds 
  Import took 0.015437 seconds .

========================================================================
Received Import Request.
  Time since last request: 0.000656 seconds.
  path: Assets/Artwork/TileMapImages/sr2fdf76d99d793.png
  artifactKey: Guid(bb5af96b43f57434386734d2ecad854b) Importer(815301076,1909f56bfc062723c751e8b465ee728b)
Start importing Assets/Artwork/TileMapImages/sr2fdf76d99d793.png using Guid(bb5af96b43f57434386734d2ecad854b) Importer(815301076,1909f56bfc062723c751e8b465ee728b)  -> (artifact id: '6790f4185e31d97ce3ec202464ef13af') in 0.009717 seconds 
  Import took 0.013162 seconds .

========================================================================
Received Import Request.
  Time since last request: 1.974883 seconds.
  path: Assets/Artwork/TileMapImages/sr2ea61e77e40f0.png
  artifactKey: Guid(5a8780eacac02544a80896338039992a) Importer(815301076,1909f56bfc062723c751e8b465ee728b)
Start importing Assets/Artwork/TileMapImages/sr2ea61e77e40f0.png using Guid(5a8780eacac02544a80896338039992a) Importer(815301076,1909f56bfc062723c751e8b465ee728b)  -> (artifact id: '9680f75e28e5c5aa2e143ae6423d6e83') in 0.009614 seconds 
  Import took 0.013377 seconds .

========================================================================
Received Import Request.
  Time since last request: 0.001106 seconds.
  path: Assets/Artwork/TileMapImages/sr2ea61e77e40f0.png
  artifactKey: Guid(5a8780eacac02544a80896338039992a) Importer(815301076,1909f56bfc062723c751e8b465ee728b)
Start importing Assets/Artwork/TileMapImages/sr2ea61e77e40f0.png using Guid(5a8780eacac02544a80896338039992a) Importer(815301076,1909f56bfc062723c751e8b465ee728b)  -> (artifact id: '9680f75e28e5c5aa2e143ae6423d6e83') in 0.008519 seconds 
  Import took 0.011818 seconds .

========================================================================
Received Import Request.
  Time since last request: 2.166407 seconds.
  path: Assets/Artwork/TileMapImages/sr2d6fff853cd2b.png
  artifactKey: Guid(27cfbd3543adca94697dbb1d593bfb1a) Importer(815301076,1909f56bfc062723c751e8b465ee728b)
Start importing Assets/Artwork/TileMapImages/sr2d6fff853cd2b.png using Guid(27cfbd3543adca94697dbb1d593bfb1a) Importer(815301076,1909f56bfc062723c751e8b465ee728b)  -> (artifact id: 'f9615d2d8185de9ca4dea2f31da8a093') in 0.009948 seconds 
  Import took 0.013675 seconds .

========================================================================
Received Import Request.
  Time since last request: 0.004183 seconds.
  path: Assets/Artwork/TileMapImages/sr2d6fff853cd2b.png
  artifactKey: Guid(27cfbd3543adca94697dbb1d593bfb1a) Importer(815301076,1909f56bfc062723c751e8b465ee728b)
Start importing Assets/Artwork/TileMapImages/sr2d6fff853cd2b.png using Guid(27cfbd3543adca94697dbb1d593bfb1a) Importer(815301076,1909f56bfc062723c751e8b465ee728b)  -> (artifact id: 'f9615d2d8185de9ca4dea2f31da8a093') in 0.010141 seconds 
  Import took 0.013267 seconds .

========================================================================
Received Import Request.
  Time since last request: 2.611245 seconds.
  path: Assets/Artwork/TileMapImages/sr2c12298ea4e3b.png
  artifactKey: Guid(ef7f65e982d2e0a49abbe0d7ff0503e6) Importer(815301076,1909f56bfc062723c751e8b465ee728b)
Start importing Assets/Artwork/TileMapImages/sr2c12298ea4e3b.png using Guid(ef7f65e982d2e0a49abbe0d7ff0503e6) Importer(815301076,1909f56bfc062723c751e8b465ee728b)  -> (artifact id: '7895c9de7a8b734257ad77ae69e503e8') in 0.010361 seconds 
  Import took 0.013541 seconds .

========================================================================
Received Import Request.
  Time since last request: 50.945909 seconds.
  path: Assets/Artwork/TileMapImages/sr28efd529c9b61.png
  artifactKey: Guid(fa7b4023f8f8ced429433d0c6b427d6f) Importer(815301076,1909f56bfc062723c751e8b465ee728b)
Start importing Assets/Artwork/TileMapImages/sr28efd529c9b61.png using Guid(fa7b4023f8f8ced429433d0c6b427d6f) Importer(815301076,1909f56bfc062723c751e8b465ee728b)  -> (artifact id: '7ca8fea6456fcd0de6aac3ac463b879c') in 0.009153 seconds 
  Import took 0.012148 seconds .

========================================================================
Received Import Request.
  Time since last request: 0.000814 seconds.
  path: Assets/Artwork/TileMapImages/sr28efd529c9b61.png
  artifactKey: Guid(fa7b4023f8f8ced429433d0c6b427d6f) Importer(815301076,1909f56bfc062723c751e8b465ee728b)
Start importing Assets/Artwork/TileMapImages/sr28efd529c9b61.png using Guid(fa7b4023f8f8ced429433d0c6b427d6f) Importer(815301076,1909f56bfc062723c751e8b465ee728b)  -> (artifact id: '7ca8fea6456fcd0de6aac3ac463b879c') in 0.008224 seconds 
  Import took 0.011817 seconds .

========================================================================
Received Import Request.
  Time since last request: 2.548147 seconds.
  path: Assets/Artwork/TileMapImages/sr2c323ad5b5ab5.png
  artifactKey: Guid(56ec31430c91a024fb18bf25b193e580) Importer(815301076,1909f56bfc062723c751e8b465ee728b)
Start importing Assets/Artwork/TileMapImages/sr2c323ad5b5ab5.png using Guid(56ec31430c91a024fb18bf25b193e580) Importer(815301076,1909f56bfc062723c751e8b465ee728b)  -> (artifact id: 'd58105766e807e5fee63f09d2726adcf') in 0.009331 seconds 
  Import took 0.013075 seconds .

========================================================================
Received Import Request.
  Time since last request: 2.564606 seconds.
  path: Assets/Artwork/TileMapImages/sr2273218c5f8b0.png
  artifactKey: Guid(4df7ceec1147f5e48b087acdc19ab8a3) Importer(815301076,1909f56bfc062723c751e8b465ee728b)
Start importing Assets/Artwork/TileMapImages/sr2273218c5f8b0.png using Guid(4df7ceec1147f5e48b087acdc19ab8a3) Importer(815301076,1909f56bfc062723c751e8b465ee728b)  -> (artifact id: '96a99558663da4bc68a287ee3948bcf4') in 0.013008 seconds 
  Import took 0.016747 seconds .

========================================================================
Received Import Request.
  Time since last request: 2.380467 seconds.
  path: Assets/Artwork/TileMapImages/sr29877ca3eb46b.png
  artifactKey: Guid(007ed65d9085f85409c8ea2e2deccfae) Importer(815301076,1909f56bfc062723c751e8b465ee728b)
Start importing Assets/Artwork/TileMapImages/sr29877ca3eb46b.png using Guid(007ed65d9085f85409c8ea2e2deccfae) Importer(815301076,1909f56bfc062723c751e8b465ee728b)  -> (artifact id: '1a6f547dd059fa0d2955d9e4679a20d6') in 0.008422 seconds 
  Import took 0.011242 seconds .

========================================================================
Received Import Request.
  Time since last request: 0.000969 seconds.
  path: Assets/Artwork/TileMapImages/sr29877ca3eb46b.png
  artifactKey: Guid(007ed65d9085f85409c8ea2e2deccfae) Importer(815301076,1909f56bfc062723c751e8b465ee728b)
Start importing Assets/Artwork/TileMapImages/sr29877ca3eb46b.png using Guid(007ed65d9085f85409c8ea2e2deccfae) Importer(815301076,1909f56bfc062723c751e8b465ee728b)  -> (artifact id: '1a6f547dd059fa0d2955d9e4679a20d6') in 0.008722 seconds 
  Import took 0.011632 seconds .

========================================================================
Received Import Request.
  Time since last request: 5.423296 seconds.
  path: Assets/Artwork/TileMapImages/sr213fb445a5f27.png
  artifactKey: Guid(4946b1a0a8a519a45ba760f1c41cee67) Importer(815301076,1909f56bfc062723c751e8b465ee728b)
Start importing Assets/Artwork/TileMapImages/sr213fb445a5f27.png using Guid(4946b1a0a8a519a45ba760f1c41cee67) Importer(815301076,1909f56bfc062723c751e8b465ee728b)  -> (artifact id: 'c93ab86ffe3fe6b2b6c817807ee31ba2') in 0.013028 seconds 
  Import took 0.016558 seconds .

========================================================================
Received Import Request.
  Time since last request: 65.088707 seconds.
  path: Assets/Artwork/TileMapImages/sr2ee14f8500a66.png
  artifactKey: Guid(57270aa417af5fe4fb3831c5405027df) Importer(815301076,1909f56bfc062723c751e8b465ee728b)
Start importing Assets/Artwork/TileMapImages/sr2ee14f8500a66.png using Guid(57270aa417af5fe4fb3831c5405027df) Importer(815301076,1909f56bfc062723c751e8b465ee728b)  -> (artifact id: 'ed7152c76d2370b58a2cefc62115ee12') in 0.011209 seconds 
  Import took 0.014594 seconds .

========================================================================
Received Import Request.
  Time since last request: 0.002212 seconds.
  path: Assets/Artwork/TileMapImages/sr2ee14f8500a66.png
  artifactKey: Guid(57270aa417af5fe4fb3831c5405027df) Importer(815301076,1909f56bfc062723c751e8b465ee728b)
Start importing Assets/Artwork/TileMapImages/sr2ee14f8500a66.png using Guid(57270aa417af5fe4fb3831c5405027df) Importer(815301076,1909f56bfc062723c751e8b465ee728b)  -> (artifact id: 'ed7152c76d2370b58a2cefc62115ee12') in 0.013341 seconds 
  Import took 0.016723 seconds .

========================================================================
Received Import Request.
  Time since last request: 2.474599 seconds.
  path: Assets/Artwork/TileMapImages/sr28469a0acdf51.png
  artifactKey: Guid(558325c085ab8154ead0d101d6aa7a86) Importer(815301076,1909f56bfc062723c751e8b465ee728b)
Start importing Assets/Artwork/TileMapImages/sr28469a0acdf51.png using Guid(558325c085ab8154ead0d101d6aa7a86) Importer(815301076,1909f56bfc062723c751e8b465ee728b)  -> (artifact id: '62943ea0ed7d1b4340b48e12b3daccc6') in 0.011595 seconds 
  Import took 0.015210 seconds .

========================================================================
Received Import Request.
  Time since last request: 2.575296 seconds.
  path: Assets/Artwork/TileMapImages/sr23ff88099c724.png
  artifactKey: Guid(aa026afd7813409449becf7fba0d0653) Importer(815301076,1909f56bfc062723c751e8b465ee728b)
Start importing Assets/Artwork/TileMapImages/sr23ff88099c724.png using Guid(aa026afd7813409449becf7fba0d0653) Importer(815301076,1909f56bfc062723c751e8b465ee728b)  -> (artifact id: 'c67d47bc0067d6a041d057d1078bc19c') in 0.010290 seconds 
  Import took 0.013813 seconds .

========================================================================
Received Import Request.
  Time since last request: 2.577591 seconds.
  path: Assets/Artwork/TileMapImages/sr2736a68de6bc5.png
  artifactKey: Guid(b112076cfc1d9e645bace1527940fbae) Importer(815301076,1909f56bfc062723c751e8b465ee728b)
Start importing Assets/Artwork/TileMapImages/sr2736a68de6bc5.png using Guid(b112076cfc1d9e645bace1527940fbae) Importer(815301076,1909f56bfc062723c751e8b465ee728b)  -> (artifact id: '848d5cbb0cb2259daecd536f7e221923') in 0.010329 seconds 
  Import took 0.013310 seconds .

========================================================================
Received Import Request.
  Time since last request: 0.001156 seconds.
  path: Assets/Artwork/TileMapImages/sr2736a68de6bc5.png
  artifactKey: Guid(b112076cfc1d9e645bace1527940fbae) Importer(815301076,1909f56bfc062723c751e8b465ee728b)
Start importing Assets/Artwork/TileMapImages/sr2736a68de6bc5.png using Guid(b112076cfc1d9e645bace1527940fbae) Importer(815301076,1909f56bfc062723c751e8b465ee728b)  -> (artifact id: '848d5cbb0cb2259daecd536f7e221923') in 0.013601 seconds 
  Import took 0.018367 seconds .

========================================================================
Received Import Request.
  Time since last request: 2.659655 seconds.
  path: Assets/Artwork/TileMapImages/sr2e1ff4a0dd5be.png
  artifactKey: Guid(5380211d236735040a90c1bc9bbcc9aa) Importer(815301076,1909f56bfc062723c751e8b465ee728b)
Start importing Assets/Artwork/TileMapImages/sr2e1ff4a0dd5be.png using Guid(5380211d236735040a90c1bc9bbcc9aa) Importer(815301076,1909f56bfc062723c751e8b465ee728b)  -> (artifact id: '79586594ee73f5038af88fc479f13421') in 0.008334 seconds 
  Import took 0.011228 seconds .

========================================================================
Received Import Request.
  Time since last request: 39.251514 seconds.
  path: Assets/Artwork/TileMapImages/sr28a1f31a87ccd.png
  artifactKey: Guid(89c68318ffdf91c4996f7288cf499a00) Importer(815301076,1909f56bfc062723c751e8b465ee728b)
Start importing Assets/Artwork/TileMapImages/sr28a1f31a87ccd.png using Guid(89c68318ffdf91c4996f7288cf499a00) Importer(815301076,1909f56bfc062723c751e8b465ee728b)  -> (artifact id: '78657b09a44eabf88721f7df48b0406c') in 0.009944 seconds 
  Import took 0.013110 seconds .

========================================================================
Received Import Request.
  Time since last request: 2.407116 seconds.
  path: Assets/Artwork/TileMapImages/sr2257f565cdf4e.png
  artifactKey: Guid(c706e720396501745967e51960ed5b59) Importer(815301076,1909f56bfc062723c751e8b465ee728b)
Start importing Assets/Artwork/TileMapImages/sr2257f565cdf4e.png using Guid(c706e720396501745967e51960ed5b59) Importer(815301076,1909f56bfc062723c751e8b465ee728b)  -> (artifact id: 'b69a859d00c7120d2a49f710a274c828') in 0.009868 seconds 
  Import took 0.013176 seconds .

========================================================================
Received Import Request.
  Time since last request: 2.660573 seconds.
  path: Assets/Artwork/TileMapImages/sr2cc9c603f1560.png
  artifactKey: Guid(ab0efe8ab3db19b4cb866b451c50de2f) Importer(815301076,1909f56bfc062723c751e8b465ee728b)
Start importing Assets/Artwork/TileMapImages/sr2cc9c603f1560.png using Guid(ab0efe8ab3db19b4cb866b451c50de2f) Importer(815301076,1909f56bfc062723c751e8b465ee728b)  -> (artifact id: '5b56f9e364485e6c272f720aab0db24f') in 0.010002 seconds 
  Import took 0.013078 seconds .

========================================================================
Received Import Request.
  Time since last request: 0.001080 seconds.
  path: Assets/Artwork/TileMapImages/sr2cc9c603f1560.png
  artifactKey: Guid(ab0efe8ab3db19b4cb866b451c50de2f) Importer(815301076,1909f56bfc062723c751e8b465ee728b)
Start importing Assets/Artwork/TileMapImages/sr2cc9c603f1560.png using Guid(ab0efe8ab3db19b4cb866b451c50de2f) Importer(815301076,1909f56bfc062723c751e8b465ee728b)  -> (artifact id: '5b56f9e364485e6c272f720aab0db24f') in 0.008985 seconds 
  Import took 0.011850 seconds .

========================================================================
Received Import Request.
  Time since last request: 2.157712 seconds.
  path: Assets/Artwork/TileMapImages/sr2dfe624caf918.png
  artifactKey: Guid(056f31097d4f6dc4cb2de3a74bc8c06b) Importer(815301076,1909f56bfc062723c751e8b465ee728b)
Start importing Assets/Artwork/TileMapImages/sr2dfe624caf918.png using Guid(056f31097d4f6dc4cb2de3a74bc8c06b) Importer(815301076,1909f56bfc062723c751e8b465ee728b)  -> (artifact id: '4d00cbe96535be053744e05b739d5bde') in 0.011416 seconds 
  Import took 0.015028 seconds .

========================================================================
Received Import Request.
  Time since last request: 0.000841 seconds.
  path: Assets/Artwork/TileMapImages/sr2dfe624caf918.png
  artifactKey: Guid(056f31097d4f6dc4cb2de3a74bc8c06b) Importer(815301076,1909f56bfc062723c751e8b465ee728b)
Start importing Assets/Artwork/TileMapImages/sr2dfe624caf918.png using Guid(056f31097d4f6dc4cb2de3a74bc8c06b) Importer(815301076,1909f56bfc062723c751e8b465ee728b)  -> (artifact id: '4d00cbe96535be053744e05b739d5bde') in 0.009073 seconds 
  Import took 0.012203 seconds .

========================================================================
Received Import Request.
  Time since last request: 3.543943 seconds.
  path: Assets/Artwork/TileMapImages/sr209d7c5aedfb4.png
  artifactKey: Guid(b3fedaeb6dcf0554390cfbf34222905e) Importer(815301076,1909f56bfc062723c751e8b465ee728b)
Start importing Assets/Artwork/TileMapImages/sr209d7c5aedfb4.png using Guid(b3fedaeb6dcf0554390cfbf34222905e) Importer(815301076,1909f56bfc062723c751e8b465ee728b)  -> (artifact id: '295fc8c80281d2a5fee046f7ff84ec05') in 0.012330 seconds 
  Import took 0.015899 seconds .

========================================================================
Received Import Request.
  Time since last request: 29.044159 seconds.
  path: Assets/Artwork/TileMapImages/sr270c912e5f9dd.png
  artifactKey: Guid(d3d1134c724281f4781bdba3f9c0f1a9) Importer(815301076,1909f56bfc062723c751e8b465ee728b)
Start importing Assets/Artwork/TileMapImages/sr270c912e5f9dd.png using Guid(d3d1134c724281f4781bdba3f9c0f1a9) Importer(815301076,1909f56bfc062723c751e8b465ee728b)  -> (artifact id: '4c2ae869394afba7e904688d1fdc3253') in 0.008550 seconds 
  Import took 0.011727 seconds .

========================================================================
Received Import Request.
  Time since last request: 3.160548 seconds.
  path: Assets/Artwork/TileMapImages/sr2b6f736df2b8a.png
  artifactKey: Guid(880759c48dd4b1346960ad827caa9f79) Importer(815301076,1909f56bfc062723c751e8b465ee728b)
Start importing Assets/Artwork/TileMapImages/sr2b6f736df2b8a.png using Guid(880759c48dd4b1346960ad827caa9f79) Importer(815301076,1909f56bfc062723c751e8b465ee728b)  -> (artifact id: '6172fda8108e57fb0b28755508fe38b7') in 0.012563 seconds 
  Import took 0.015983 seconds .

========================================================================
Received Import Request.
  Time since last request: 3.830869 seconds.
  path: Assets/Artwork/TileMapImages/sr2f2a26101f967.png
  artifactKey: Guid(d08ee8d46be1baf47835f044989f9aad) Importer(815301076,1909f56bfc062723c751e8b465ee728b)
Start importing Assets/Artwork/TileMapImages/sr2f2a26101f967.png using Guid(d08ee8d46be1baf47835f044989f9aad) Importer(815301076,1909f56bfc062723c751e8b465ee728b)  -> (artifact id: '15a85ec52875eb99f6686927b255d8ab') in 0.010381 seconds 
  Import took 0.013640 seconds .

========================================================================
Received Import Request.
  Time since last request: 3.284864 seconds.
  path: Assets/Artwork/TileMapImages/sr2e3bb992d5c1a.png
  artifactKey: Guid(5e9d38d02b97b9545b0ad83220016d9d) Importer(815301076,1909f56bfc062723c751e8b465ee728b)
Start importing Assets/Artwork/TileMapImages/sr2e3bb992d5c1a.png using Guid(5e9d38d02b97b9545b0ad83220016d9d) Importer(815301076,1909f56bfc062723c751e8b465ee728b)  -> (artifact id: 'cea3b1f76b723301cfab7704e89d7c8c') in 0.010414 seconds 
  Import took 0.013665 seconds .

========================================================================
Received Import Request.
  Time since last request: 3.628302 seconds.
  path: Assets/Artwork/TileMapImages/sr28cf8962ffd39.png
  artifactKey: Guid(36c77b0156ebceb4582ce2a18fccc5dd) Importer(815301076,1909f56bfc062723c751e8b465ee728b)
Start importing Assets/Artwork/TileMapImages/sr28cf8962ffd39.png using Guid(36c77b0156ebceb4582ce2a18fccc5dd) Importer(815301076,1909f56bfc062723c751e8b465ee728b)  -> (artifact id: '14f4f01005fafbb1356ae53618cfc99e') in 0.013189 seconds 
  Import took 0.016940 seconds .

========================================================================
Received Import Request.
  Time since last request: 32.117407 seconds.
  path: Assets/Artwork/TileMapImages/sr25519aad50d9b.png
  artifactKey: Guid(30068c1215fe9cd409b1d3bfb686671e) Importer(815301076,1909f56bfc062723c751e8b465ee728b)
Start importing Assets/Artwork/TileMapImages/sr25519aad50d9b.png using Guid(30068c1215fe9cd409b1d3bfb686671e) Importer(815301076,1909f56bfc062723c751e8b465ee728b)  -> (artifact id: 'bc577944f4e9af04840952b7a33ad6fe') in 0.008620 seconds 
  Import took 0.012091 seconds .

========================================================================
Received Import Request.
  Time since last request: 1.917197 seconds.
  path: Assets/Artwork/TileMapImages/sr29ec9a4d6ec8f.png
  artifactKey: Guid(65cf549faa8ca1041bbbb22c884cf363) Importer(815301076,1909f56bfc062723c751e8b465ee728b)
Start importing Assets/Artwork/TileMapImages/sr29ec9a4d6ec8f.png using Guid(65cf549faa8ca1041bbbb22c884cf363) Importer(815301076,1909f56bfc062723c751e8b465ee728b)  -> (artifact id: '947c714c088eaa9427a4f7ec93a02f3c') in 0.011211 seconds 
  Import took 0.014570 seconds .

========================================================================
Received Import Request.
  Time since last request: 2.370799 seconds.
  path: Assets/Artwork/TileMapImages/sr21d92d6041ceb.png
  artifactKey: Guid(2a2f0ddaa3b6ca840969d487781c05c8) Importer(815301076,1909f56bfc062723c751e8b465ee728b)
Start importing Assets/Artwork/TileMapImages/sr21d92d6041ceb.png using Guid(2a2f0ddaa3b6ca840969d487781c05c8) Importer(815301076,1909f56bfc062723c751e8b465ee728b)  -> (artifact id: '89a12784f90a6f9c007037589b933e32') in 0.013349 seconds 
  Import took 0.016663 seconds .

========================================================================
Received Import Request.
  Time since last request: 2.648170 seconds.
  path: Assets/Artwork/TileMapImages/sr2e3420aef33cd.png
  artifactKey: Guid(f334acc527bb6044fb7bd5f85b75f6b7) Importer(815301076,1909f56bfc062723c751e8b465ee728b)
Start importing Assets/Artwork/TileMapImages/sr2e3420aef33cd.png using Guid(f334acc527bb6044fb7bd5f85b75f6b7) Importer(815301076,1909f56bfc062723c751e8b465ee728b)  -> (artifact id: '5d827b88bf221db350fe25950867d584') in 0.008616 seconds 
  Import took 0.011464 seconds .

========================================================================
Received Import Request.
  Time since last request: 0.001530 seconds.
  path: Assets/Artwork/TileMapImages/sr2e3420aef33cd.png
  artifactKey: Guid(f334acc527bb6044fb7bd5f85b75f6b7) Importer(815301076,1909f56bfc062723c751e8b465ee728b)
Start importing Assets/Artwork/TileMapImages/sr2e3420aef33cd.png using Guid(f334acc527bb6044fb7bd5f85b75f6b7) Importer(815301076,1909f56bfc062723c751e8b465ee728b)  -> (artifact id: '5d827b88bf221db350fe25950867d584') in 0.007973 seconds 
  Import took 0.011258 seconds .

========================================================================
Received Import Request.
  Time since last request: 2.768985 seconds.
  path: Assets/Artwork/TileMapImages/sr2be3c079ac86d.png
  artifactKey: Guid(59d8cd8b8244d5f4384e3ffb9f146daa) Importer(815301076,1909f56bfc062723c751e8b465ee728b)
Start importing Assets/Artwork/TileMapImages/sr2be3c079ac86d.png using Guid(59d8cd8b8244d5f4384e3ffb9f146daa) Importer(815301076,1909f56bfc062723c751e8b465ee728b)  -> (artifact id: '02f374c345e1a7cdf2611f5e3e571926') in 0.010304 seconds 
  Import took 0.013383 seconds .

========================================================================
Received Import Request.
  Time since last request: 0.000629 seconds.
  path: Assets/Artwork/TileMapImages/sr2be3c079ac86d.png
  artifactKey: Guid(59d8cd8b8244d5f4384e3ffb9f146daa) Importer(815301076,1909f56bfc062723c751e8b465ee728b)
Start importing Assets/Artwork/TileMapImages/sr2be3c079ac86d.png using Guid(59d8cd8b8244d5f4384e3ffb9f146daa) Importer(815301076,1909f56bfc062723c751e8b465ee728b)  -> (artifact id: '02f374c345e1a7cdf2611f5e3e571926') in 0.008420 seconds 
  Import took 0.011288 seconds .

========================================================================
Received Import Request.
  Time since last request: 9.295241 seconds.
  path: Assets/Artwork/TileMapImages/sr22ff85b6ff730.png
  artifactKey: Guid(49aec5f0249f2f348bcac5850997eeeb) Importer(815301076,1909f56bfc062723c751e8b465ee728b)
Start importing Assets/Artwork/TileMapImages/sr22ff85b6ff730.png using Guid(49aec5f0249f2f348bcac5850997eeeb) Importer(815301076,1909f56bfc062723c751e8b465ee728b)  -> (artifact id: '12dd73606512ea6ebad96b9c8a070ad6') in 0.011015 seconds 
  Import took 0.014437 seconds .

========================================================================
Received Import Request.
  Time since last request: 144.061895 seconds.
  path: Assets/Artwork/TileMapImages/Wall Floor Tile.png
  artifactKey: Guid(4df7ceec1147f5e48b087acdc19ab8a3) Importer(815301076,1909f56bfc062723c751e8b465ee728b)
Start importing Assets/Artwork/TileMapImages/Wall Floor Tile.png using Guid(4df7ceec1147f5e48b087acdc19ab8a3) Importer(815301076,1909f56bfc062723c751e8b465ee728b)  -> (artifact id: '9653afb9c605b8ee9772e7740ad0e29e') in 0.012480 seconds 
  Import took 0.015369 seconds .

========================================================================
Received Import Request.
  Time since last request: 10.444580 seconds.
  path: Assets/Artwork/TileMapImages/Wall Window Floor Tile.png
  artifactKey: Guid(007ed65d9085f85409c8ea2e2deccfae) Importer(815301076,1909f56bfc062723c751e8b465ee728b)
Start importing Assets/Artwork/TileMapImages/Wall Window Floor Tile.png using Guid(007ed65d9085f85409c8ea2e2deccfae) Importer(815301076,1909f56bfc062723c751e8b465ee728b)  -> (artifact id: '1f33eac242f6f1d31d04668e36213093') in 0.012409 seconds 
  Import took 0.015139 seconds .

========================================================================
Received Import Request.
  Time since last request: 14.984926 seconds.
  path: Assets/Artwork/TileMapImages/Wall Window Floor Edge.png
  artifactKey: Guid(558325c085ab8154ead0d101d6aa7a86) Importer(815301076,1909f56bfc062723c751e8b465ee728b)
Start importing Assets/Artwork/TileMapImages/Wall Window Floor Edge.png using Guid(558325c085ab8154ead0d101d6aa7a86) Importer(815301076,1909f56bfc062723c751e8b465ee728b)  -> (artifact id: '46bea56148534ca12b385ebc2fb1c6fe') in 0.013137 seconds 
  Import took 0.016321 seconds .

========================================================================
Received Import Request.
  Time since last request: 9.660235 seconds.
  path: Assets/Artwork/TileMapImages/Wall Door Edge Tile.png
  artifactKey: Guid(30068c1215fe9cd409b1d3bfb686671e) Importer(815301076,1909f56bfc062723c751e8b465ee728b)
Start importing Assets/Artwork/TileMapImages/Wall Door Edge Tile.png using Guid(30068c1215fe9cd409b1d3bfb686671e) Importer(815301076,1909f56bfc062723c751e8b465ee728b)  -> (artifact id: 'd23d6461568718e59a4170e1bf4b299b') in 0.014539 seconds 
  Import took 0.017616 seconds .

========================================================================
Received Import Request.
  Time since last request: 32.982414 seconds.
  path: Assets/Artwork/TileMapImages/Wall Edge Tile.png
  artifactKey: Guid(b112076cfc1d9e645bace1527940fbae) Importer(815301076,1909f56bfc062723c751e8b465ee728b)
Start importing Assets/Artwork/TileMapImages/Wall Edge Tile.png using Guid(b112076cfc1d9e645bace1527940fbae) Importer(815301076,1909f56bfc062723c751e8b465ee728b)  -> (artifact id: 'c7a9793b9dda2693a293be195bac9df1') in 0.017611 seconds 
  Import took 0.020986 seconds .

========================================================================
Received Import Request.
  Time since last request: 10.781143 seconds.
  path: Assets/Artwork/TileMapImages/Wall Window Edge Tile.png
  artifactKey: Guid(c706e720396501745967e51960ed5b59) Importer(815301076,1909f56bfc062723c751e8b465ee728b)
Start importing Assets/Artwork/TileMapImages/Wall Window Edge Tile.png using Guid(c706e720396501745967e51960ed5b59) Importer(815301076,1909f56bfc062723c751e8b465ee728b)  -> (artifact id: '58696abfd627415e6124fe991d5a8997') in 0.011973 seconds 
  Import took 0.014837 seconds .

========================================================================
Received Import Request.
  Time since last request: 17.707236 seconds.
  path: Assets/Artwork/TileMapImages/Wall Window Tile.png
  artifactKey: Guid(d3d1134c724281f4781bdba3f9c0f1a9) Importer(815301076,1909f56bfc062723c751e8b465ee728b)
Start importing Assets/Artwork/TileMapImages/Wall Window Tile.png using Guid(d3d1134c724281f4781bdba3f9c0f1a9) Importer(815301076,1909f56bfc062723c751e8b465ee728b)  -> (artifact id: '409c4820651bacd0bb2c98a802effa66') in 0.012816 seconds 
  Import took 0.015924 seconds .

========================================================================
Received Import Request.
  Time since last request: 55.338760 seconds.
  path: Assets/Artwork/TileMapImages/Wall Floor Edge Tile.png
  artifactKey: Guid(b3fedaeb6dcf0554390cfbf34222905e) Importer(815301076,1909f56bfc062723c751e8b465ee728b)
Start importing Assets/Artwork/TileMapImages/Wall Floor Edge Tile.png using Guid(b3fedaeb6dcf0554390cfbf34222905e) Importer(815301076,1909f56bfc062723c751e8b465ee728b)  -> (artifact id: '6bafc1af799ffda3f8bd5041b8679524') in 0.012456 seconds 
  Import took 0.015207 seconds .

========================================================================
Received Import Request.
  Time since last request: 47.275385 seconds.
  path: Assets/Artwork/TileMapImages/Wall Window Floor TIle 2.png
  artifactKey: Guid(4946b1a0a8a519a45ba760f1c41cee67) Importer(815301076,1909f56bfc062723c751e8b465ee728b)
Start importing Assets/Artwork/TileMapImages/Wall Window Floor TIle 2.png using Guid(4946b1a0a8a519a45ba760f1c41cee67) Importer(815301076,1909f56bfc062723c751e8b465ee728b)  -> (artifact id: '3b85ef53c28f30c3be8cd5d2412263d1') in 0.011441 seconds 
  Import took 0.014206 seconds .

========================================================================
Received Import Request.
  Time since last request: 33.110592 seconds.
  path: Assets/Artwork/TileMapImages/Wall Door Floor Edge Tile.png
  artifactKey: Guid(65cf549faa8ca1041bbbb22c884cf363) Importer(815301076,1909f56bfc062723c751e8b465ee728b)
Start importing Assets/Artwork/TileMapImages/Wall Door Floor Edge Tile.png using Guid(65cf549faa8ca1041bbbb22c884cf363) Importer(815301076,1909f56bfc062723c751e8b465ee728b)  -> (artifact id: '5460f189d946161b9a1170cd404c36e2') in 0.013594 seconds 
  Import took 0.016479 seconds .

========================================================================
Received Import Request.
  Time since last request: 12.320579 seconds.
  path: Assets/Artwork/TileMapImages/Wall Door Floor Tile.png
  artifactKey: Guid(fa7b4023f8f8ced429433d0c6b427d6f) Importer(815301076,1909f56bfc062723c751e8b465ee728b)
Start importing Assets/Artwork/TileMapImages/Wall Door Floor Tile.png using Guid(fa7b4023f8f8ced429433d0c6b427d6f) Importer(815301076,1909f56bfc062723c751e8b465ee728b)  -> (artifact id: '2930aaa5fad84690b46c1c94a88e2302') in 0.012191 seconds 
  Import took 0.015043 seconds .

========================================================================
Received Import Request.
  Time since last request: 60.119415 seconds.
  path: Assets/Artwork/TileMapImages/Wall Window Edge Tile 2.png
  artifactKey: Guid(36c77b0156ebceb4582ce2a18fccc5dd) Importer(815301076,1909f56bfc062723c751e8b465ee728b)
Start importing Assets/Artwork/TileMapImages/Wall Window Edge Tile 2.png using Guid(36c77b0156ebceb4582ce2a18fccc5dd) Importer(815301076,1909f56bfc062723c751e8b465ee728b)  -> (artifact id: '2c3669fe94d0afff8de775817664cfa4') in 0.012876 seconds 
  Import took 0.015843 seconds .

========================================================================
Received Import Request.
  Time since last request: 21.033397 seconds.
  path: Assets/Artwork/TileMapImages/Wall Window Floor Edge Tile.png
  artifactKey: Guid(c706e720396501745967e51960ed5b59) Importer(815301076,1909f56bfc062723c751e8b465ee728b)
Start importing Assets/Artwork/TileMapImages/Wall Window Floor Edge Tile.png using Guid(c706e720396501745967e51960ed5b59) Importer(815301076,1909f56bfc062723c751e8b465ee728b)  -> (artifact id: '4fc7334159bdd553765efbd0e053bf31') in 0.013605 seconds 
  Import took 0.017188 seconds .

========================================================================
Received Import Request.
  Time since last request: 7.442723 seconds.
  path: Assets/Artwork/TileMapImages/Wall Window Edge Tile.png
  artifactKey: Guid(36c77b0156ebceb4582ce2a18fccc5dd) Importer(815301076,1909f56bfc062723c751e8b465ee728b)
Start importing Assets/Artwork/TileMapImages/Wall Window Edge Tile.png using Guid(36c77b0156ebceb4582ce2a18fccc5dd) Importer(815301076,1909f56bfc062723c751e8b465ee728b)  -> (artifact id: '297c50286519356589a4d15a9d0af168') in 0.010489 seconds 
  Import took 0.013652 seconds .

========================================================================
Received Import Request.
  Time since last request: 0.001851 seconds.
  path: Assets/Artwork/TileMapImages/Wall Window Edge Tile.png
  artifactKey: Guid(36c77b0156ebceb4582ce2a18fccc5dd) Importer(815301076,1909f56bfc062723c751e8b465ee728b)
Start importing Assets/Artwork/TileMapImages/Wall Window Edge Tile.png using Guid(36c77b0156ebceb4582ce2a18fccc5dd) Importer(815301076,1909f56bfc062723c751e8b465ee728b)  -> (artifact id: '297c50286519356589a4d15a9d0af168') in 0.019778 seconds 
  Import took 0.022671 seconds .

========================================================================
Received Import Request.
  Time since last request: 48.666518 seconds.
  path: Assets/Artwork/TileMapImages/Wall Floor Edge Tile 2.png
  artifactKey: Guid(b112076cfc1d9e645bace1527940fbae) Importer(815301076,1909f56bfc062723c751e8b465ee728b)
Start importing Assets/Artwork/TileMapImages/Wall Floor Edge Tile 2.png using Guid(b112076cfc1d9e645bace1527940fbae) Importer(815301076,1909f56bfc062723c751e8b465ee728b)  -> (artifact id: '8f9cc8965b05995bc8e66d71b854f68f') in 0.012116 seconds 
  Import took 0.015502 seconds .

========================================================================
Received Import Request.
  Time since last request: 8.492437 seconds.
  path: Assets/Artwork/TileMapImages/Wall Edge Tile.png
  artifactKey: Guid(89c68318ffdf91c4996f7288cf499a00) Importer(815301076,1909f56bfc062723c751e8b465ee728b)
Start importing Assets/Artwork/TileMapImages/Wall Edge Tile.png using Guid(89c68318ffdf91c4996f7288cf499a00) Importer(815301076,1909f56bfc062723c751e8b465ee728b)  -> (artifact id: 'a337a5a16d24d7ff23a32bdc74f0f6c1') in 0.012171 seconds 
  Import took 0.015133 seconds .

========================================================================
Received Import Request.
  Time since last request: 25.181369 seconds.
  path: Assets/Artwork/TileMapImages/Wall Floor Edge Tile 3.png
  artifactKey: Guid(aa026afd7813409449becf7fba0d0653) Importer(815301076,1909f56bfc062723c751e8b465ee728b)
Start importing Assets/Artwork/TileMapImages/Wall Floor Edge Tile 3.png using Guid(aa026afd7813409449becf7fba0d0653) Importer(815301076,1909f56bfc062723c751e8b465ee728b)  -> (artifact id: 'ed92e1cbf826d2d524f134c3cd06183f') in 0.012137 seconds 
  Import took 0.014927 seconds .

========================================================================
Received Import Request.
  Time since last request: 21.285556 seconds.
  path: Assets/Artwork/TileMapImages/Wall Floor Edge Tile 4.png
  artifactKey: Guid(056f31097d4f6dc4cb2de3a74bc8c06b) Importer(815301076,1909f56bfc062723c751e8b465ee728b)
Start importing Assets/Artwork/TileMapImages/Wall Floor Edge Tile 4.png using Guid(056f31097d4f6dc4cb2de3a74bc8c06b) Importer(815301076,1909f56bfc062723c751e8b465ee728b)  -> (artifact id: '3dabc9dbb21a91339ac59b6096c59678') in 0.012826 seconds 
  Import took 0.015599 seconds .

========================================================================
Received Import Request.
  Time since last request: 116.195120 seconds.
  path: Assets/Artwork/TileMapImages/Roof Edge Tile.png
  artifactKey: Guid(49aec5f0249f2f348bcac5850997eeeb) Importer(815301076,1909f56bfc062723c751e8b465ee728b)
Start importing Assets/Artwork/TileMapImages/Roof Edge Tile.png using Guid(49aec5f0249f2f348bcac5850997eeeb) Importer(815301076,1909f56bfc062723c751e8b465ee728b)  -> (artifact id: '004dbc3d336cc32589145b2f35236309') in 0.013307 seconds 
  Import took 0.016112 seconds .

========================================================================
Received Import Request.
  Time since last request: 9.278432 seconds.
  path: Assets/Artwork/TileMapImages/Roof Edge Tile 2.png
  artifactKey: Guid(f334acc527bb6044fb7bd5f85b75f6b7) Importer(815301076,1909f56bfc062723c751e8b465ee728b)
Start importing Assets/Artwork/TileMapImages/Roof Edge Tile 2.png using Guid(f334acc527bb6044fb7bd5f85b75f6b7) Importer(815301076,1909f56bfc062723c751e8b465ee728b)  -> (artifact id: '1a10363e25446450ea795cd21196ec31') in 0.012582 seconds 
  Import took 0.015628 seconds .

========================================================================
Received Import Request.
  Time since last request: 7.529217 seconds.
  path: Assets/Artwork/TileMapImages/Roof Tile.png
  artifactKey: Guid(59d8cd8b8244d5f4384e3ffb9f146daa) Importer(815301076,1909f56bfc062723c751e8b465ee728b)
Start importing Assets/Artwork/TileMapImages/Roof Tile.png using Guid(59d8cd8b8244d5f4384e3ffb9f146daa) Importer(815301076,1909f56bfc062723c751e8b465ee728b)  -> (artifact id: '3399ac3aaea149552393c8d2984af28e') in 0.012782 seconds 
  Import took 0.015781 seconds .

========================================================================
Received Import Request.
  Time since last request: 56.724785 seconds.
  path: Assets/Artwork/TileMapImages/Wall Edge Tile 2.png
  artifactKey: Guid(880759c48dd4b1346960ad827caa9f79) Importer(815301076,1909f56bfc062723c751e8b465ee728b)
Start importing Assets/Artwork/TileMapImages/Wall Edge Tile 2.png using Guid(880759c48dd4b1346960ad827caa9f79) Importer(815301076,1909f56bfc062723c751e8b465ee728b)  -> (artifact id: 'e299c7a8d2d64b0e89dc6daef013d15e') in 0.012754 seconds 
  Import took 0.015737 seconds .

========================================================================
Received Import Request.
  Time since last request: 105.909058 seconds.
  path: Assets/Artwork/TileMapImages/Wall Door Edge Tile 2.png
  artifactKey: Guid(2a2f0ddaa3b6ca840969d487781c05c8) Importer(815301076,1909f56bfc062723c751e8b465ee728b)
Start importing Assets/Artwork/TileMapImages/Wall Door Edge Tile 2.png using Guid(2a2f0ddaa3b6ca840969d487781c05c8) Importer(815301076,1909f56bfc062723c751e8b465ee728b)  -> (artifact id: 'abe4485fb19345f716cb9c2aa0c7e89e') in 0.011967 seconds 
  Import took 0.015101 seconds .

========================================================================
Received Import Request.
  Time since last request: 0.000805 seconds.
  path: Assets/Artwork/TileMapImages/Wall Door Edge Tile 2.png
  artifactKey: Guid(2a2f0ddaa3b6ca840969d487781c05c8) Importer(815301076,1909f56bfc062723c751e8b465ee728b)
Start importing Assets/Artwork/TileMapImages/Wall Door Edge Tile 2.png using Guid(2a2f0ddaa3b6ca840969d487781c05c8) Importer(815301076,1909f56bfc062723c751e8b465ee728b)  -> (artifact id: 'abe4485fb19345f716cb9c2aa0c7e89e') in 0.015055 seconds 
  Import took 0.018025 seconds .

========================================================================
Received Import Request.
  Time since last request: 26.059325 seconds.
  path: Assets/Artwork/TileMapImages/Stump Planty Grassy Tile.png
  artifactKey: Guid(bb5af96b43f57434386734d2ecad854b) Importer(815301076,1909f56bfc062723c751e8b465ee728b)
Start importing Assets/Artwork/TileMapImages/Stump Planty Grassy Tile.png using Guid(bb5af96b43f57434386734d2ecad854b) Importer(815301076,1909f56bfc062723c751e8b465ee728b)  -> (artifact id: '26d981a36ec9a2d16048c4544ccac086') in 0.011703 seconds 
  Import took 0.014644 seconds .

========================================================================
Received Import Request.
  Time since last request: 105.198440 seconds.
  path: Assets/Artwork/TileMapImages/Wall Window Edge Tile 2.png
  artifactKey: Guid(d08ee8d46be1baf47835f044989f9aad) Importer(815301076,1909f56bfc062723c751e8b465ee728b)
Start importing Assets/Artwork/TileMapImages/Wall Window Edge Tile 2.png using Guid(d08ee8d46be1baf47835f044989f9aad) Importer(815301076,1909f56bfc062723c751e8b465ee728b)  -> (artifact id: '2174c7b2cb4fd4d6a983903f5a0a3040') in 0.013130 seconds 
  Import took 0.016511 seconds .

========================================================================
Received Import Request.
  Time since last request: 83.288758 seconds.
  path: Assets/Artwork/TileMapImages/Wall Window Floor Edge Tile 3.png
  artifactKey: Guid(57270aa417af5fe4fb3831c5405027df) Importer(815301076,1909f56bfc062723c751e8b465ee728b)
Start importing Assets/Artwork/TileMapImages/Wall Window Floor Edge Tile 3.png using Guid(57270aa417af5fe4fb3831c5405027df) Importer(815301076,1909f56bfc062723c751e8b465ee728b)  -> (artifact id: 'd25edc3f93c4fc2fcbeb854c33cff8e1') in 0.012969 seconds 
  Import took 0.015921 seconds .

========================================================================
Received Import Request.
  Time since last request: 45.163382 seconds.
  path: Assets/Artwork/TileMapImages/Wall Window Floor Edge Tile 2.png
  artifactKey: Guid(558325c085ab8154ead0d101d6aa7a86) Importer(815301076,1909f56bfc062723c751e8b465ee728b)
Start importing Assets/Artwork/TileMapImages/Wall Window Floor Edge Tile 2.png using Guid(558325c085ab8154ead0d101d6aa7a86) Importer(815301076,1909f56bfc062723c751e8b465ee728b)  -> (artifact id: 'ff6d1e45372629e0d5c2eaa6ff2df248') in 0.012218 seconds 
  Import took 0.015086 seconds .

========================================================================
Received Import Request.
  Time since last request: 9.056946 seconds.
  path: Assets/Artwork/TileMapImages/Wall Window Floor Edge Tile 4.png
  artifactKey: Guid(ab0efe8ab3db19b4cb866b451c50de2f) Importer(815301076,1909f56bfc062723c751e8b465ee728b)
Start importing Assets/Artwork/TileMapImages/Wall Window Floor Edge Tile 4.png using Guid(ab0efe8ab3db19b4cb866b451c50de2f) Importer(815301076,1909f56bfc062723c751e8b465ee728b)  -> (artifact id: '08218a87562b15510b7420f69511a008') in 0.012376 seconds 
  Import took 0.015149 seconds .

========================================================================
Received Import Request.
  Time since last request: 142.978469 seconds.
  path: Assets/Artwork/TileMapImages/Tree Bottom tile.png
  artifactKey: Guid(5a8780eacac02544a80896338039992a) Importer(815301076,1909f56bfc062723c751e8b465ee728b)
Start importing Assets/Artwork/TileMapImages/Tree Bottom tile.png using Guid(5a8780eacac02544a80896338039992a) Importer(815301076,1909f56bfc062723c751e8b465ee728b)  -> (artifact id: 'b82a9e5348f3fde1f41b2a40a318748a') in 0.012938 seconds 
  Import took 0.015804 seconds .

========================================================================
Received Import Request.
  Time since last request: 147.124519 seconds.
  path: Assets/Artwork/TileMapImages/Wall Door Floor Edge Tile 4.png
  artifactKey: Guid(5e9d38d02b97b9545b0ad83220016d9d) Importer(815301076,1909f56bfc062723c751e8b465ee728b)
Start importing Assets/Artwork/TileMapImages/Wall Door Floor Edge Tile 4.png using Guid(5e9d38d02b97b9545b0ad83220016d9d) Importer(815301076,1909f56bfc062723c751e8b465ee728b)  -> (artifact id: '62fc4a4e1422892a1ba5d78d0c13a2f6') in 0.012908 seconds 
  Import took 0.015938 seconds .

========================================================================
Received Import Request.
  Time since last request: 159.114792 seconds.
  path: Assets/Artwork/TileMapImages/Cross Path Tile.png
  artifactKey: Guid(35d0af65c001deb4b809512241381b09) Importer(815301076,1909f56bfc062723c751e8b465ee728b)
Start importing Assets/Artwork/TileMapImages/Cross Path Tile.png using Guid(35d0af65c001deb4b809512241381b09) Importer(815301076,1909f56bfc062723c751e8b465ee728b)  -> (artifact id: '471526f88aca2a29387e30c404579b64') in 0.012308 seconds 
  Import took 0.015526 seconds .

========================================================================
Received Import Request.
  Time since last request: 116.666505 seconds.
  path: Assets/Artwork/TileMapImages/Wall Tile.png
  artifactKey: Guid(5380211d236735040a90c1bc9bbcc9aa) Importer(815301076,1909f56bfc062723c751e8b465ee728b)
Start importing Assets/Artwork/TileMapImages/Wall Tile.png using Guid(5380211d236735040a90c1bc9bbcc9aa) Importer(815301076,1909f56bfc062723c751e8b465ee728b)  -> (artifact id: '7dcc39dac33ee0dcf9e405ea8e13c2fa') in 0.011763 seconds 
  Import took 0.014614 seconds .

========================================================================
Received Import Request.
  Time since last request: 21.866463 seconds.
  path: Assets/Artwork/TileMapImages/Tree Top Tile.png
  artifactKey: Guid(27cfbd3543adca94697dbb1d593bfb1a) Importer(815301076,1909f56bfc062723c751e8b465ee728b)
Start importing Assets/Artwork/TileMapImages/Tree Top Tile.png using Guid(27cfbd3543adca94697dbb1d593bfb1a) Importer(815301076,1909f56bfc062723c751e8b465ee728b)  -> (artifact id: '616a8b34381751412ff22b6ba7614592') in 0.011183 seconds 
  Import took 0.013978 seconds .

========================================================================
Received Import Request.
  Time since last request: 29.944957 seconds.
  path: Assets/Artwork/TileMapImages/Tree Bottom Grassy Tile.png
  artifactKey: Guid(ef7f65e982d2e0a49abbe0d7ff0503e6) Importer(815301076,1909f56bfc062723c751e8b465ee728b)
Start importing Assets/Artwork/TileMapImages/Tree Bottom Grassy Tile.png using Guid(ef7f65e982d2e0a49abbe0d7ff0503e6) Importer(815301076,1909f56bfc062723c751e8b465ee728b)  -> (artifact id: '2f37d2476f379f93ec795342f20b7378') in 0.012785 seconds 
  Import took 0.015557 seconds .

========================================================================
Received Import Request.
  Time since last request: 18.149388 seconds.
  path: Assets/Artwork/TileMapImages/Wall Floor Tile 2.png
  artifactKey: Guid(56ec31430c91a024fb18bf25b193e580) Importer(815301076,1909f56bfc062723c751e8b465ee728b)
Start importing Assets/Artwork/TileMapImages/Wall Floor Tile 2.png using Guid(56ec31430c91a024fb18bf25b193e580) Importer(815301076,1909f56bfc062723c751e8b465ee728b)  -> (artifact id: 'e5af73913524f30102ec3d07196b41eb') in 0.013452 seconds 
  Import took 0.016354 seconds .

========================================================================
Received Import Request.
  Time since last request: 571.125180 seconds.
  path: ProjectSettings/TagManager.asset
  artifactKey: Guid(00000000000000003000000000000000) Importer(815301076,1909f56bfc062723c751e8b465ee728b)
Start importing ProjectSettings/TagManager.asset using Guid(00000000000000003000000000000000) Importer(815301076,1909f56bfc062723c751e8b465ee728b)  -> (artifact id: '95df672b4aaba54310d34c83eef51bb8') in 0.014064 seconds 
  Import took 0.019305 seconds .

========================================================================
Received Import Request.
  Time since last request: 0.000645 seconds.
  path: ProjectSettings/TagManager.asset
  artifactKey: Guid(00000000000000003000000000000000) Importer(815301076,1909f56bfc062723c751e8b465ee728b)
Start importing ProjectSettings/TagManager.asset using Guid(00000000000000003000000000000000) Importer(815301076,1909f56bfc062723c751e8b465ee728b)  -> (artifact id: '95df672b4aaba54310d34c83eef51bb8') in 0.002751 seconds 
  Import took 0.006124 seconds .

========================================================================
Received Import Request.
  Time since last request: 1355.763800 seconds.
  path: Packages/com.unity.2d.spriteshape/Editor/ObjectMenuCreation/DefaultAssets/Sprite Shapes/Closed Sprite Shape.prefab
  artifactKey: Guid(c0583b4e855c74b8c82e7b9b5efb5ce9) Importer(815301076,1909f56bfc062723c751e8b465ee728b)
Start importing Packages/com.unity.2d.spriteshape/Editor/ObjectMenuCreation/DefaultAssets/Sprite Shapes/Closed Sprite Shape.prefab using Guid(c0583b4e855c74b8c82e7b9b5efb5ce9) Importer(815301076,1909f56bfc062723c751e8b465ee728b)  -> (artifact id: 'c5c845828cede3f25819031102be01e1') in 0.084346 seconds 
  Import took 0.088315 seconds .

========================================================================
Received Import Request.
  Time since last request: 0.000139 seconds.
  path: Packages/com.unity.2d.spriteshape/Editor/ObjectMenuCreation/DefaultAssets/Sprite Shapes/Open Sprite Shape.prefab
  artifactKey: Guid(86ae7de409eb54f619fb1328e4d42480) Importer(815301076,1909f56bfc062723c751e8b465ee728b)
Start importing Packages/com.unity.2d.spriteshape/Editor/ObjectMenuCreation/DefaultAssets/Sprite Shapes/Open Sprite Shape.prefab using Guid(86ae7de409eb54f619fb1328e4d42480) Importer(815301076,1909f56bfc062723c751e8b465ee728b)  -> (artifact id: '1cd094d74455b6e3ebbdb90683f10d20') in 0.009696 seconds 
  Import took 0.012377 seconds .

========================================================================
Received Import Request.
  Time since last request: 10.978008 seconds.
  path: Assets/Scripts/Player.cs
  artifactKey: Guid(913c79e02e74e93418d60b92abf6266c) Importer(815301076,1909f56bfc062723c751e8b465ee728b)
Start importing Assets/Scripts/Player.cs using Guid(913c79e02e74e93418d60b92abf6266c) Importer(815301076,1909f56bfc062723c751e8b465ee728b)  -> (artifact id: '0c026c9d3a90d66dd3aed72a2c29a0d3') in 0.008239 seconds 
  Import took 0.011270 seconds .

========================================================================
Received Import Request.
  Time since last request: 319.665287 seconds.
  path: Assets/Scripts/Player.cs
  artifactKey: Guid(913c79e02e74e93418d60b92abf6266c) Importer(815301076,1909f56bfc062723c751e8b465ee728b)
Start importing Assets/Scripts/Player.cs using Guid(913c79e02e74e93418d60b92abf6266c) Importer(815301076,1909f56bfc062723c751e8b465ee728b)  -> (artifact id: '84781e8291183e1824d91f546b7f4fa0') in 0.001976 seconds 
  Import took 0.005406 seconds .

========================================================================
Received Prepare
Registering precompiled user dll's ...
Registered in 0.003297 seconds.
Begin MonoManager ReloadAssembly
Native extension for WindowsStandalone target not found
Native extension for WebGL target not found
Refreshing native plugins compatible for Editor in 0.39 ms, found 3 plugins.
Preloading 0 native plugins for Editor in 0.00 ms.
Mono: successfully reloaded assembly
- Completed reload, in  1.023 seconds
Domain Reload Profiling:
	ReloadAssembly (1024ms)
		BeginReloadAssembly (160ms)
			ExecutionOrderSort (0ms)
			DisableScriptedObjects (13ms)
			BackupInstance (0ms)
			ReleaseScriptingObjects (0ms)
			CreateAndSetChildDomain (74ms)
		EndReloadAssembly (804ms)
			LoadAssemblies (94ms)
			RebuildTransferFunctionScriptingTraits (0ms)
			SetupTypeCache (266ms)
			ReleaseScriptCaches (1ms)
			RebuildScriptCaches (40ms)
			SetupLoadedEditorAssemblies (287ms)
				LogAssemblyErrors (0ms)
				InitializePlatformSupportModulesInManaged (6ms)
				SetLoadedEditorAssemblies (0ms)
				RefreshPlugins (0ms)
				BeforeProcessingInitializeOnLoad (81ms)
				ProcessInitializeOnLoadAttributes (190ms)
				ProcessInitializeOnLoadMethodAttributes (5ms)
				AfterProcessingInitializeOnLoad (5ms)
				EditorAssembliesLoaded (0ms)
			ExecutionOrderSort2 (0ms)
			AwakeInstancesAfterBackupRestoration (10ms)
Platform modules already initialized, skipping
Refreshing native plugins compatible for Editor in 0.39 ms, found 3 plugins.
Preloading 0 native plugins for Editor in 0.00 ms.
Unloading 2080 Unused Serialized files (Serialized files now loaded: 0)
System memory in use before: 96.0 MB.
System memory in use after: 95.9 MB.

Unloading 23 unused Assets to reduce memory usage. Loaded Objects now: 2533.
Total: 2.399500 ms (FindLiveObjects: 0.221100 ms CreateObjectMapping: 0.089600 ms MarkObjects: 1.980700 ms  DeleteObjects: 0.106600 ms)

AssetImportParameters requested are different than current active one (requested -> active):
  custom:framework-win-MediaFoundation: 216162199b28c13a410421893ffa2e32 -> 
  custom:video-decoder-ogg-theora: a1e56fd34408186e4bbccfd4996cb3dc -> 
  custom:container-muxer-webm: aa71ff27fc2769a1b78a27578f13a17b -> 
  custom:container-demuxer-webm: 4f35f7cbe854078d1ac9338744f61a02 -> 
  custom:container-demuxer-ogg: 62fdf1f143b41e24485cea50d1cbac27 -> 
  custom:video-encoder-webm-vp8: eb34c28f22e8b96e1ab97ce403110664 -> 
  custom:video-codec-MediaFoundation-h265: 746d11721c4dcdbdad8f713fa42b33f4 -> 
  custom:video-decoder-webm-vp8: 9c59270c3fd7afecdb556c50c9e8de78 -> 
  custom:audio-decoder-ogg-vorbis: bf7c407c2cedff20999df2af8eb42d56 -> 
  custom:audio-encoder-webm-vorbis: bf7c407c2cedff20999df2af8eb42d56 -> 
========================================================================
Received Prepare
Registering precompiled user dll's ...
Registered in 0.003377 seconds.
Begin MonoManager ReloadAssembly
Native extension for WindowsStandalone target not found
Native extension for WebGL target not found
Refreshing native plugins compatible for Editor in 0.37 ms, found 3 plugins.
Preloading 0 native plugins for Editor in 0.00 ms.
Mono: successfully reloaded assembly
- Completed reload, in  0.884 seconds
Domain Reload Profiling:
	ReloadAssembly (885ms)
		BeginReloadAssembly (102ms)
			ExecutionOrderSort (0ms)
			DisableScriptedObjects (6ms)
			BackupInstance (0ms)
			ReleaseScriptingObjects (0ms)
			CreateAndSetChildDomain (32ms)
		EndReloadAssembly (717ms)
			LoadAssemblies (84ms)
			RebuildTransferFunctionScriptingTraits (0ms)
			SetupTypeCache (248ms)
			ReleaseScriptCaches (1ms)
			RebuildScriptCaches (35ms)
			SetupLoadedEditorAssemblies (263ms)
				LogAssemblyErrors (0ms)
				InitializePlatformSupportModulesInManaged (5ms)
				SetLoadedEditorAssemblies (0ms)
				RefreshPlugins (0ms)
				BeforeProcessingInitializeOnLoad (78ms)
				ProcessInitializeOnLoadAttributes (168ms)
				ProcessInitializeOnLoadMethodAttributes (5ms)
				AfterProcessingInitializeOnLoad (6ms)
				EditorAssembliesLoaded (0ms)
			ExecutionOrderSort2 (0ms)
			AwakeInstancesAfterBackupRestoration (9ms)
Platform modules already initialized, skipping
Refreshing native plugins compatible for Editor in 0.46 ms, found 3 plugins.
Preloading 0 native plugins for Editor in 0.00 ms.
Unloading 2080 Unused Serialized files (Serialized files now loaded: 0)
System memory in use before: 96.0 MB.
System memory in use after: 96.0 MB.

Unloading 21 unused Assets to reduce memory usage. Loaded Objects now: 2537.
Total: 2.276500 ms (FindLiveObjects: 0.173700 ms CreateObjectMapping: 0.071700 ms MarkObjects: 1.909300 ms  DeleteObjects: 0.120900 ms)

AssetImportParameters requested are different than current active one (requested -> active):
  custom:framework-win-MediaFoundation: 216162199b28c13a410421893ffa2e32 -> 
  custom:video-decoder-ogg-theora: a1e56fd34408186e4bbccfd4996cb3dc -> 
  custom:container-muxer-webm: aa71ff27fc2769a1b78a27578f13a17b -> 
  custom:container-demuxer-webm: 4f35f7cbe854078d1ac9338744f61a02 -> 
  custom:container-demuxer-ogg: 62fdf1f143b41e24485cea50d1cbac27 -> 
  custom:video-encoder-webm-vp8: eb34c28f22e8b96e1ab97ce403110664 -> 
  custom:video-codec-MediaFoundation-h265: 746d11721c4dcdbdad8f713fa42b33f4 -> 
  custom:video-decoder-webm-vp8: 9c59270c3fd7afecdb556c50c9e8de78 -> 
  custom:audio-decoder-ogg-vorbis: bf7c407c2cedff20999df2af8eb42d56 -> 
  custom:audio-encoder-webm-vorbis: bf7c407c2cedff20999df2af8eb42d56 -> 
========================================================================
Received Import Request.
  Time since last request: 193.350278 seconds.
  path: Assets/Scripts/Player.cs
  artifactKey: Guid(913c79e02e74e93418d60b92abf6266c) Importer(815301076,1909f56bfc062723c751e8b465ee728b)
Start importing Assets/Scripts/Player.cs using Guid(913c79e02e74e93418d60b92abf6266c) Importer(815301076,1909f56bfc062723c751e8b465ee728b)  -> (artifact id: 'e8a928d883127984dca9259124d124b4') in 0.004034 seconds 
  Import took 0.006799 seconds .

========================================================================
Received Import Request.
  Time since last request: 0.000556 seconds.
  path: Assets/Scripts/Player.cs
  artifactKey: Guid(913c79e02e74e93418d60b92abf6266c) Importer(815301076,1909f56bfc062723c751e8b465ee728b)
Start importing Assets/Scripts/Player.cs using Guid(913c79e02e74e93418d60b92abf6266c) Importer(815301076,1909f56bfc062723c751e8b465ee728b)  -> (artifact id: 'e8a928d883127984dca9259124d124b4') in 0.001806 seconds 
  Import took 0.004406 seconds .

========================================================================
Received Prepare
Registering precompiled user dll's ...
Registered in 0.003504 seconds.
Begin MonoManager ReloadAssembly
Native extension for WindowsStandalone target not found
Native extension for WebGL target not found
Refreshing native plugins compatible for Editor in 0.39 ms, found 3 plugins.
Preloading 0 native plugins for Editor in 0.00 ms.
Mono: successfully reloaded assembly
- Completed reload, in  0.986 seconds
Domain Reload Profiling:
	ReloadAssembly (986ms)
		BeginReloadAssembly (106ms)
			ExecutionOrderSort (0ms)
			DisableScriptedObjects (5ms)
			BackupInstance (0ms)
			ReleaseScriptingObjects (0ms)
			CreateAndSetChildDomain (32ms)
		EndReloadAssembly (818ms)
			LoadAssemblies (83ms)
			RebuildTransferFunctionScriptingTraits (0ms)
			SetupTypeCache (279ms)
			ReleaseScriptCaches (1ms)
			RebuildScriptCaches (39ms)
			SetupLoadedEditorAssemblies (306ms)
				LogAssemblyErrors (0ms)
				InitializePlatformSupportModulesInManaged (6ms)
				SetLoadedEditorAssemblies (0ms)
				RefreshPlugins (0ms)
				BeforeProcessingInitializeOnLoad (99ms)
				ProcessInitializeOnLoadAttributes (190ms)
				ProcessInitializeOnLoadMethodAttributes (5ms)
				AfterProcessingInitializeOnLoad (5ms)
				EditorAssembliesLoaded (0ms)
			ExecutionOrderSort2 (0ms)
			AwakeInstancesAfterBackupRestoration (10ms)
Platform modules already initialized, skipping
Refreshing native plugins compatible for Editor in 0.41 ms, found 3 plugins.
Preloading 0 native plugins for Editor in 0.00 ms.
Unloading 2080 Unused Serialized files (Serialized files now loaded: 0)
System memory in use before: 96.0 MB.
System memory in use after: 96.0 MB.

Unloading 21 unused Assets to reduce memory usage. Loaded Objects now: 2541.
Total: 2.086300 ms (FindLiveObjects: 0.198800 ms CreateObjectMapping: 0.077500 ms MarkObjects: 1.677100 ms  DeleteObjects: 0.132100 ms)

AssetImportParameters requested are different than current active one (requested -> active):
  custom:framework-win-MediaFoundation: 216162199b28c13a410421893ffa2e32 -> 
  custom:video-decoder-ogg-theora: a1e56fd34408186e4bbccfd4996cb3dc -> 
  custom:container-muxer-webm: aa71ff27fc2769a1b78a27578f13a17b -> 
  custom:container-demuxer-webm: 4f35f7cbe854078d1ac9338744f61a02 -> 
  custom:container-demuxer-ogg: 62fdf1f143b41e24485cea50d1cbac27 -> 
  custom:video-encoder-webm-vp8: eb34c28f22e8b96e1ab97ce403110664 -> 
  custom:video-codec-MediaFoundation-h265: 746d11721c4dcdbdad8f713fa42b33f4 -> 
  custom:video-decoder-webm-vp8: 9c59270c3fd7afecdb556c50c9e8de78 -> 
  custom:audio-decoder-ogg-vorbis: bf7c407c2cedff20999df2af8eb42d56 -> 
  custom:audio-encoder-webm-vorbis: bf7c407c2cedff20999df2af8eb42d56 -> 
========================================================================
Received Prepare
Registering precompiled user dll's ...
Registered in 0.003247 seconds.
Begin MonoManager ReloadAssembly
Native extension for WindowsStandalone target not found
Native extension for WebGL target not found
Refreshing native plugins compatible for Editor in 0.43 ms, found 3 plugins.
Preloading 0 native plugins for Editor in 0.00 ms.
Mono: successfully reloaded assembly
- Completed reload, in  0.905 seconds
Domain Reload Profiling:
	ReloadAssembly (905ms)
		BeginReloadAssembly (101ms)
			ExecutionOrderSort (0ms)
			DisableScriptedObjects (6ms)
			BackupInstance (0ms)
			ReleaseScriptingObjects (0ms)
			CreateAndSetChildDomain (29ms)
		EndReloadAssembly (748ms)
			LoadAssemblies (74ms)
			RebuildTransferFunctionScriptingTraits (0ms)
			SetupTypeCache (254ms)
			ReleaseScriptCaches (1ms)
			RebuildScriptCaches (37ms)
			SetupLoadedEditorAssemblies (287ms)
				LogAssemblyErrors (0ms)
				InitializePlatformSupportModulesInManaged (5ms)
				SetLoadedEditorAssemblies (1ms)
				RefreshPlugins (0ms)
				BeforeProcessingInitializeOnLoad (82ms)
				ProcessInitializeOnLoadAttributes (188ms)
				ProcessInitializeOnLoadMethodAttributes (5ms)
				AfterProcessingInitializeOnLoad (6ms)
				EditorAssembliesLoaded (0ms)
			ExecutionOrderSort2 (0ms)
			AwakeInstancesAfterBackupRestoration (9ms)
Platform modules already initialized, skipping
Refreshing native plugins compatible for Editor in 0.39 ms, found 3 plugins.
Preloading 0 native plugins for Editor in 0.00 ms.
Unloading 2080 Unused Serialized files (Serialized files now loaded: 0)
System memory in use before: 96.0 MB.
System memory in use after: 96.0 MB.

Unloading 21 unused Assets to reduce memory usage. Loaded Objects now: 2545.
Total: 2.254300 ms (FindLiveObjects: 0.179600 ms CreateObjectMapping: 0.066600 ms MarkObjects: 1.881700 ms  DeleteObjects: 0.125400 ms)

AssetImportParameters requested are different than current active one (requested -> active):
  custom:framework-win-MediaFoundation: 216162199b28c13a410421893ffa2e32 -> 
  custom:video-decoder-ogg-theora: a1e56fd34408186e4bbccfd4996cb3dc -> 
  custom:container-muxer-webm: aa71ff27fc2769a1b78a27578f13a17b -> 
  custom:container-demuxer-webm: 4f35f7cbe854078d1ac9338744f61a02 -> 
  custom:container-demuxer-ogg: 62fdf1f143b41e24485cea50d1cbac27 -> 
  custom:video-encoder-webm-vp8: eb34c28f22e8b96e1ab97ce403110664 -> 
  custom:video-codec-MediaFoundation-h265: 746d11721c4dcdbdad8f713fa42b33f4 -> 
  custom:video-decoder-webm-vp8: 9c59270c3fd7afecdb556c50c9e8de78 -> 
  custom:audio-decoder-ogg-vorbis: bf7c407c2cedff20999df2af8eb42d56 -> 
  custom:audio-encoder-webm-vorbis: bf7c407c2cedff20999df2af8eb42d56 -> 
========================================================================
Received Import Request.
  Time since last request: 1235.300778 seconds.
  path: Assets/Scripts/CameraMotor.cs
  artifactKey: Guid(00ff93da3683d034fbd7be14f380f497) Importer(815301076,1909f56bfc062723c751e8b465ee728b)
Start importing Assets/Scripts/CameraMotor.cs using Guid(00ff93da3683d034fbd7be14f380f497) Importer(815301076,1909f56bfc062723c751e8b465ee728b)  -> (artifact id: '9b9ed8cfadc8720f51cc9891ab44efca') in 0.005337 seconds 
  Import took 0.008845 seconds .

========================================================================
Received Prepare
Registering precompiled user dll's ...
Registered in 0.003441 seconds.
Begin MonoManager ReloadAssembly
Native extension for WindowsStandalone target not found
Native extension for WebGL target not found
Refreshing native plugins compatible for Editor in 0.40 ms, found 3 plugins.
Preloading 0 native plugins for Editor in 0.00 ms.
Mono: successfully reloaded assembly
- Completed reload, in  0.954 seconds
Domain Reload Profiling:
	ReloadAssembly (955ms)
		BeginReloadAssembly (132ms)
			ExecutionOrderSort (0ms)
			DisableScriptedObjects (6ms)
			BackupInstance (0ms)
			ReleaseScriptingObjects (0ms)
			CreateAndSetChildDomain (36ms)
		EndReloadAssembly (755ms)
			LoadAssemblies (104ms)
			RebuildTransferFunctionScriptingTraits (0ms)
			SetupTypeCache (260ms)
			ReleaseScriptCaches (1ms)
			RebuildScriptCaches (39ms)
			SetupLoadedEditorAssemblies (275ms)
				LogAssemblyErrors (0ms)
				InitializePlatformSupportModulesInManaged (6ms)
				SetLoadedEditorAssemblies (0ms)
				RefreshPlugins (0ms)
				BeforeProcessingInitializeOnLoad (79ms)
				ProcessInitializeOnLoadAttributes (179ms)
				ProcessInitializeOnLoadMethodAttributes (4ms)
				AfterProcessingInitializeOnLoad (6ms)
				EditorAssembliesLoaded (0ms)
			ExecutionOrderSort2 (0ms)
			AwakeInstancesAfterBackupRestoration (9ms)
Platform modules already initialized, skipping
Refreshing native plugins compatible for Editor in 0.38 ms, found 3 plugins.
Preloading 0 native plugins for Editor in 0.00 ms.
Unloading 2081 Unused Serialized files (Serialized files now loaded: 0)
System memory in use before: 96.1 MB.
System memory in use after: 96.0 MB.

Unloading 21 unused Assets to reduce memory usage. Loaded Objects now: 2550.
Total: 2.061600 ms (FindLiveObjects: 0.265800 ms CreateObjectMapping: 0.077500 ms MarkObjects: 1.580900 ms  DeleteObjects: 0.136400 ms)

AssetImportParameters requested are different than current active one (requested -> active):
  custom:framework-win-MediaFoundation: 216162199b28c13a410421893ffa2e32 -> 
  custom:video-decoder-ogg-theora: a1e56fd34408186e4bbccfd4996cb3dc -> 
  custom:container-muxer-webm: aa71ff27fc2769a1b78a27578f13a17b -> 
  custom:container-demuxer-webm: 4f35f7cbe854078d1ac9338744f61a02 -> 
  custom:container-demuxer-ogg: 62fdf1f143b41e24485cea50d1cbac27 -> 
  custom:video-encoder-webm-vp8: eb34c28f22e8b96e1ab97ce403110664 -> 
  custom:video-codec-MediaFoundation-h265: 746d11721c4dcdbdad8f713fa42b33f4 -> 
  custom:video-decoder-webm-vp8: 9c59270c3fd7afecdb556c50c9e8de78 -> 
  custom:audio-decoder-ogg-vorbis: bf7c407c2cedff20999df2af8eb42d56 -> 
  custom:audio-encoder-webm-vorbis: bf7c407c2cedff20999df2af8eb42d56 -> 
========================================================================
Received Prepare
Registering precompiled user dll's ...
Registered in 0.003367 seconds.
Begin MonoManager ReloadAssembly
Native extension for WindowsStandalone target not found
Native extension for WebGL target not found
Refreshing native plugins compatible for Editor in 0.43 ms, found 3 plugins.
Preloading 0 native plugins for Editor in 0.00 ms.
Mono: successfully reloaded assembly
- Completed reload, in  0.894 seconds
Domain Reload Profiling:
	ReloadAssembly (895ms)
		BeginReloadAssembly (99ms)
			ExecutionOrderSort (0ms)
			DisableScriptedObjects (5ms)
			BackupInstance (0ms)
			ReleaseScriptingObjects (0ms)
			CreateAndSetChildDomain (31ms)
		EndReloadAssembly (740ms)
			LoadAssemblies (81ms)
			RebuildTransferFunctionScriptingTraits (0ms)
			SetupTypeCache (249ms)
			ReleaseScriptCaches (1ms)
			RebuildScriptCaches (39ms)
			SetupLoadedEditorAssemblies (274ms)
				LogAssemblyErrors (0ms)
				InitializePlatformSupportModulesInManaged (5ms)
				SetLoadedEditorAssemblies (0ms)
				RefreshPlugins (0ms)
				BeforeProcessingInitializeOnLoad (82ms)
				ProcessInitializeOnLoadAttributes (175ms)
				ProcessInitializeOnLoadMethodAttributes (6ms)
				AfterProcessingInitializeOnLoad (5ms)
				EditorAssembliesLoaded (0ms)
			ExecutionOrderSort2 (0ms)
			AwakeInstancesAfterBackupRestoration (9ms)
Platform modules already initialized, skipping
Refreshing native plugins compatible for Editor in 0.39 ms, found 3 plugins.
Preloading 0 native plugins for Editor in 0.00 ms.
Unloading 2081 Unused Serialized files (Serialized files now loaded: 0)
System memory in use before: 96.1 MB.
System memory in use after: 96.1 MB.

Unloading 21 unused Assets to reduce memory usage. Loaded Objects now: 2554.
Total: 1.892200 ms (FindLiveObjects: 0.179100 ms CreateObjectMapping: 0.075700 ms MarkObjects: 1.533000 ms  DeleteObjects: 0.103600 ms)

AssetImportParameters requested are different than current active one (requested -> active):
  custom:framework-win-MediaFoundation: 216162199b28c13a410421893ffa2e32 -> 
  custom:video-decoder-ogg-theora: a1e56fd34408186e4bbccfd4996cb3dc -> 
  custom:container-muxer-webm: aa71ff27fc2769a1b78a27578f13a17b -> 
  custom:container-demuxer-webm: 4f35f7cbe854078d1ac9338744f61a02 -> 
  custom:container-demuxer-ogg: 62fdf1f143b41e24485cea50d1cbac27 -> 
  custom:video-encoder-webm-vp8: eb34c28f22e8b96e1ab97ce403110664 -> 
  custom:video-codec-MediaFoundation-h265: 746d11721c4dcdbdad8f713fa42b33f4 -> 
  custom:video-decoder-webm-vp8: 9c59270c3fd7afecdb556c50c9e8de78 -> 
  custom:audio-decoder-ogg-vorbis: bf7c407c2cedff20999df2af8eb42d56 -> 
  custom:audio-encoder-webm-vorbis: bf7c407c2cedff20999df2af8eb42d56 -> 
========================================================================
Received Import Request.
  Time since last request: 473.329994 seconds.
  path: Assets/Scripts/CameraMotor.cs
  artifactKey: Guid(00ff93da3683d034fbd7be14f380f497) Importer(815301076,1909f56bfc062723c751e8b465ee728b)
Start importing Assets/Scripts/CameraMotor.cs using Guid(00ff93da3683d034fbd7be14f380f497) Importer(815301076,1909f56bfc062723c751e8b465ee728b)  -> (artifact id: '50041e3c837efb0f00b16fee5134c245') in 0.004233 seconds 
  Import took 0.006731 seconds .

========================================================================
Received Prepare
Registering precompiled user dll's ...
Registered in 0.003715 seconds.
Begin MonoManager ReloadAssembly
Native extension for WindowsStandalone target not found
Native extension for WebGL target not found
Refreshing native plugins compatible for Editor in 0.39 ms, found 3 plugins.
Preloading 0 native plugins for Editor in 0.00 ms.
Mono: successfully reloaded assembly
- Completed reload, in  0.897 seconds
Domain Reload Profiling:
	ReloadAssembly (898ms)
		BeginReloadAssembly (100ms)
			ExecutionOrderSort (0ms)
			DisableScriptedObjects (5ms)
			BackupInstance (0ms)
			ReleaseScriptingObjects (0ms)
			CreateAndSetChildDomain (29ms)
		EndReloadAssembly (745ms)
			LoadAssemblies (75ms)
			RebuildTransferFunctionScriptingTraits (0ms)
			SetupTypeCache (251ms)
			ReleaseScriptCaches (1ms)
			RebuildScriptCaches (38ms)
			SetupLoadedEditorAssemblies (281ms)
				LogAssemblyErrors (0ms)
				InitializePlatformSupportModulesInManaged (5ms)
				SetLoadedEditorAssemblies (0ms)
				RefreshPlugins (0ms)
				BeforeProcessingInitializeOnLoad (80ms)
				ProcessInitializeOnLoadAttributes (185ms)
				ProcessInitializeOnLoadMethodAttributes (4ms)
				AfterProcessingInitializeOnLoad (5ms)
				EditorAssembliesLoaded (0ms)
			ExecutionOrderSort2 (0ms)
			AwakeInstancesAfterBackupRestoration (9ms)
Platform modules already initialized, skipping
Refreshing native plugins compatible for Editor in 0.39 ms, found 3 plugins.
Preloading 0 native plugins for Editor in 0.00 ms.
Unloading 2081 Unused Serialized files (Serialized files now loaded: 0)
System memory in use before: 96.1 MB.
System memory in use after: 96.1 MB.

Unloading 21 unused Assets to reduce memory usage. Loaded Objects now: 2558.
Total: 2.126700 ms (FindLiveObjects: 0.221300 ms CreateObjectMapping: 0.075300 ms MarkObjects: 1.625600 ms  DeleteObjects: 0.203600 ms)

AssetImportParameters requested are different than current active one (requested -> active):
  custom:framework-win-MediaFoundation: 216162199b28c13a410421893ffa2e32 -> 
  custom:video-decoder-ogg-theora: a1e56fd34408186e4bbccfd4996cb3dc -> 
  custom:container-muxer-webm: aa71ff27fc2769a1b78a27578f13a17b -> 
  custom:container-demuxer-webm: 4f35f7cbe854078d1ac9338744f61a02 -> 
  custom:container-demuxer-ogg: 62fdf1f143b41e24485cea50d1cbac27 -> 
  custom:video-encoder-webm-vp8: eb34c28f22e8b96e1ab97ce403110664 -> 
  custom:video-codec-MediaFoundation-h265: 746d11721c4dcdbdad8f713fa42b33f4 -> 
  custom:video-decoder-webm-vp8: 9c59270c3fd7afecdb556c50c9e8de78 -> 
  custom:audio-decoder-ogg-vorbis: bf7c407c2cedff20999df2af8eb42d56 -> 
  custom:audio-encoder-webm-vorbis: bf7c407c2cedff20999df2af8eb42d56 -> 
========================================================================
Received Import Request.
  Time since last request: 2564.229359 seconds.
  path: Assets/Artwork/Levels/Plains.prefab
  artifactKey: Guid(974cc2804e1395940953538071893268) Importer(815301076,1909f56bfc062723c751e8b465ee728b)
Start importing Assets/Artwork/Levels/Plains.prefab using Guid(974cc2804e1395940953538071893268) Importer(815301076,1909f56bfc062723c751e8b465ee728b)  -> (artifact id: '5a060cbb32eaac7709195fc03287c98b') in 0.072026 seconds 
  Import took 0.076263 seconds .

AssetImportWorkerClient::OnTransportError - code=2 error=End of file
